#
# There is insufficient memory for the Java Runtime Environment to continue.
# Native memory allocation (mmap) failed to map 2147483648 bytes for committing reserved memory.
# Possible reasons:
#   The system is out of physical RAM or swap space
#   The process is running with CompressedOops enabled, and the Java Heap may be blocking the growth of the native heap
# Possible solutions:
#   Reduce memory load on the system
#   Increase physical memory or swap space
#   Check if swap backing store is full
#   Decrease Java heap size (-Xmx/-Xms)
#   Decrease number of Java threads
#   Decrease Java thread stack sizes (-Xss)
#   Set larger code cache with -XX:ReservedCodeCacheSize=
# This output file may be truncated or incomplete.
#
#  Out of Memory Error (os_linux.cpp:2766), pid=3709, tid=0x00007fa4f664f700
#
# JRE version:  (8.0_201-b09) (build )
# Java VM: OpenJDK 64-Bit Server VM (25.201-b09 mixed mode linux-amd64 compressed oops)
# Failed to write core dump. Core dumps have been disabled. To enable core dumping, try "ulimit -c unlimited" before starting Java again
#

---------------  T H R E A D  ---------------

Current thread (0x00007fa4ec04c800):  JavaThread "Unknown thread" [_thread_in_vm, id=3710, stack(0x00007fa4f6550000,0x00007fa4f6650000)]

Stack: [0x00007fa4f6550000,0x00007fa4f6650000],  sp=0x00007fa4f664e5a0,  free space=1017k
Native frames: (J=compiled Java code, j=interpreted, Vv=VM code, C=native code)
V  [libjvm.so+0xb81712]
V  [libjvm.so+0x50d427]
V  [libjvm.so+0x9411f0]
V  [libjvm.so+0x9382fe]
V  [libjvm.so+0x9be5d6]
V  [libjvm.so+0x9adc8c]
V  [libjvm.so+0x2e1b5e]
V  [libjvm.so+0x969831]
V  [libjvm.so+0xb437da]
V  [libjvm.so+0xb43af5]
V  [libjvm.so+0x66008f]
V  [libjvm.so+0xb26b43]
V  [libjvm.so+0x6f4a91]  JNI_CreateJavaVM+0x61
C  [libjli.so+0x2dc3]
C  [libpthread.so.0+0x754b]  start_thread+0xdb


---------------  P R O C E S S  ---------------

Java Threads: ( => current thread )

Other Threads:

=>0x00007fa4ec04c800 (exited) JavaThread "Unknown thread" [_thread_in_vm, id=3710, stack(0x00007fa4f6550000,0x00007fa4f6650000)]

VM state:not at safepoint (not fully initialized)

VM Mutex/Monitor currently owned by a thread: None

heap address: 0x0000000700000000, size: 3072 MB, Compressed Oops mode: Non-zero based:0x00000006fffff000, Oop shift amount: 3
Narrow klass base: 0x0000000000000000, Narrow klass shift: 0

GC Heap History (0 events):
No events

Deoptimization events (0 events):
No events

Classes redefined (0 events):
No events

Internal exceptions (0 events):
No events

Events (0 events):
No events


Dynamic libraries:
00400000-00401000 r-xp 00000000 103:01 1185027                           /usr/lib/jvm/java-1.8.0-openjdk-1.8.0.201.b09-0.amzn2.x86_64/jre/bin/java
00600000-00601000 r--p 00000000 103:01 1185027                           /usr/lib/jvm/java-1.8.0-openjdk-1.8.0.201.b09-0.amzn2.x86_64/jre/bin/java
00601000-00602000 rw-p 00001000 103:01 1185027                           /usr/lib/jvm/java-1.8.0-openjdk-1.8.0.201.b09-0.amzn2.x86_64/jre/bin/java
01f69000-01f8a000 rw-p 00000000 00:00 0                                  [heap]
780000000-7c0000000 rw-p 00000000 00:00 0 
7fa4dd000000-7fa4dd270000 rwxp 00000000 00:00 0 
7fa4dd270000-7fa4ec000000 ---p 00000000 00:00 0 
7fa4ec000000-7fa4ec073000 rw-p 00000000 00:00 0 
7fa4ec073000-7fa4f0000000 ---p 00000000 00:00 0 
7fa4f28aa000-7fa4f2caa000 ---p 00000000 00:00 0 
7fa4f2caa000-7fa4f2eb5000 rw-p 00000000 00:00 0 
7fa4f2eb5000-7fa4f326b000 ---p 00000000 00:00 0 
7fa4f326b000-7fa4f3273000 r-xp 00000000 103:01 4472550                   /usr/lib/jvm/java-1.8.0-openjdk-1.8.0.201.b09-0.amzn2.x86_64/jre/lib/amd64/libzip.so
7fa4f3273000-7fa4f3472000 ---p 00008000 103:01 4472550                   /usr/lib/jvm/java-1.8.0-openjdk-1.8.0.201.b09-0.amzn2.x86_64/jre/lib/amd64/libzip.so
7fa4f3472000-7fa4f3473000 r--p 00007000 103:01 4472550                   /usr/lib/jvm/java-1.8.0-openjdk-1.8.0.201.b09-0.amzn2.x86_64/jre/lib/amd64/libzip.so
7fa4f3473000-7fa4f3474000 rw-p 00008000 103:01 4472550                   /usr/lib/jvm/java-1.8.0-openjdk-1.8.0.201.b09-0.amzn2.x86_64/jre/lib/amd64/libzip.so
7fa4f3474000-7fa4f347f000 r-xp 00000000 103:01 439307                    /usr/lib64/libnss_files-2.26.so
7fa4f347f000-7fa4f367e000 ---p 0000b000 103:01 439307                    /usr/lib64/libnss_files-2.26.so
7fa4f367e000-7fa4f367f000 r--p 0000a000 103:01 439307                    /usr/lib64/libnss_files-2.26.so
7fa4f367f000-7fa4f3680000 rw-p 0000b000 103:01 439307                    /usr/lib64/libnss_files-2.26.so
7fa4f3680000-7fa4f3686000 rw-p 00000000 00:00 0 
7fa4f3686000-7fa4f368e000 r-xp 00000000 103:01 872466                    /usr/lib64/libnss_sss.so.2
7fa4f368e000-7fa4f388d000 ---p 00008000 103:01 872466                    /usr/lib64/libnss_sss.so.2
7fa4f388d000-7fa4f388e000 r--p 00007000 103:01 872466                    /usr/lib64/libnss_sss.so.2
7fa4f388e000-7fa4f388f000 rw-p 00008000 103:01 872466                    /usr/lib64/libnss_sss.so.2
7fa4f388f000-7fa4f38b9000 r-xp 00000000 103:01 4472532                   /usr/lib/jvm/java-1.8.0-openjdk-1.8.0.201.b09-0.amzn2.x86_64/jre/lib/amd64/libjava.so
7fa4f38b9000-7fa4f3ab9000 ---p 0002a000 103:01 4472532                   /usr/lib/jvm/java-1.8.0-openjdk-1.8.0.201.b09-0.amzn2.x86_64/jre/lib/amd64/libjava.so
7fa4f3ab9000-7fa4f3aba000 r--p 0002a000 103:01 4472532                   /usr/lib/jvm/java-1.8.0-openjdk-1.8.0.201.b09-0.amzn2.x86_64/jre/lib/amd64/libjava.so
7fa4f3aba000-7fa4f3abc000 rw-p 0002b000 103:01 4472532                   /usr/lib/jvm/java-1.8.0-openjdk-1.8.0.201.b09-0.amzn2.x86_64/jre/lib/amd64/libjava.so
7fa4f3abc000-7fa4f3ac9000 r-xp 00000000 103:01 4472549                   /usr/lib/jvm/java-1.8.0-openjdk-1.8.0.201.b09-0.amzn2.x86_64/jre/lib/amd64/libverify.so
7fa4f3ac9000-7fa4f3cc8000 ---p 0000d000 103:01 4472549                   /usr/lib/jvm/java-1.8.0-openjdk-1.8.0.201.b09-0.amzn2.x86_64/jre/lib/amd64/libverify.so
7fa4f3cc8000-7fa4f3cca000 r--p 0000c000 103:01 4472549                   /usr/lib/jvm/java-1.8.0-openjdk-1.8.0.201.b09-0.amzn2.x86_64/jre/lib/amd64/libverify.so
7fa4f3cca000-7fa4f3ccb000 rw-p 0000e000 103:01 4472549                   /usr/lib/jvm/java-1.8.0-openjdk-1.8.0.201.b09-0.amzn2.x86_64/jre/lib/amd64/libverify.so
7fa4f3ccb000-7fa4f3cd2000 r-xp 00000000 103:01 439313                    /usr/lib64/librt-2.26.so
7fa4f3cd2000-7fa4f3ed1000 ---p 00007000 103:01 439313                    /usr/lib64/librt-2.26.so
7fa4f3ed1000-7fa4f3ed2000 r--p 00006000 103:01 439313                    /usr/lib64/librt-2.26.so
7fa4f3ed2000-7fa4f3ed3000 rw-p 00007000 103:01 439313                    /usr/lib64/librt-2.26.so
7fa4f3ed3000-7fa4f3ee9000 r-xp 00000000 103:01 439116                    /usr/lib64/libgcc_s-7-20180303.so.1
7fa4f3ee9000-7fa4f40e8000 ---p 00016000 103:01 439116                    /usr/lib64/libgcc_s-7-20180303.so.1
7fa4f40e8000-7fa4f40e9000 r--p 00015000 103:01 439116                    /usr/lib64/libgcc_s-7-20180303.so.1
7fa4f40e9000-7fa4f40ea000 rw-p 00016000 103:01 439116                    /usr/lib64/libgcc_s-7-20180303.so.1
7fa4f40ea000-7fa4f4234000 r-xp 00000000 103:01 439297                    /usr/lib64/libm-2.26.so
7fa4f4234000-7fa4f4433000 ---p 0014a000 103:01 439297                    /usr/lib64/libm-2.26.so
7fa4f4433000-7fa4f4434000 r--p 00149000 103:01 439297                    /usr/lib64/libm-2.26.so
7fa4f4434000-7fa4f4435000 rw-p 0014a000 103:01 439297                    /usr/lib64/libm-2.26.so
7fa4f4435000-7fa4f45ad000 r-xp 00000000 103:01 439351                    /usr/lib64/libstdc++.so.6.0.24
7fa4f45ad000-7fa4f47ad000 ---p 00178000 103:01 439351                    /usr/lib64/libstdc++.so.6.0.24
7fa4f47ad000-7fa4f47b7000 r--p 00178000 103:01 439351                    /usr/lib64/libstdc++.so.6.0.24
7fa4f47b7000-7fa4f47b9000 rw-p 00182000 103:01 439351                    /usr/lib64/libstdc++.so.6.0.24
7fa4f47b9000-7fa4f47bd000 rw-p 00000000 00:00 0 
7fa4f47bd000-7fa4f5540000 r-xp 00000000 103:01 1185040                   /usr/lib/jvm/java-1.8.0-openjdk-1.8.0.201.b09-0.amzn2.x86_64/jre/lib/amd64/server/libjvm.so
7fa4f5540000-7fa4f573f000 ---p 00d83000 103:01 1185040                   /usr/lib/jvm/java-1.8.0-openjdk-1.8.0.201.b09-0.amzn2.x86_64/jre/lib/amd64/server/libjvm.so
7fa4f573f000-7fa4f57e1000 r--p 00d82000 103:01 1185040                   /usr/lib/jvm/java-1.8.0-openjdk-1.8.0.201.b09-0.amzn2.x86_64/jre/lib/amd64/server/libjvm.so
7fa4f57e1000-7fa4f580b000 rw-p 00e24000 103:01 1185040                   /usr/lib/jvm/java-1.8.0-openjdk-1.8.0.201.b09-0.amzn2.x86_64/jre/lib/amd64/server/libjvm.so
7fa4f580b000-7fa4f583b000 rw-p 00000000 00:00 0 
7fa4f583b000-7fa4f59e8000 r-xp 00000000 103:01 439131                    /usr/lib64/libc-2.26.so
7fa4f59e8000-7fa4f5be7000 ---p 001ad000 103:01 439131                    /usr/lib64/libc-2.26.so
7fa4f5be7000-7fa4f5beb000 r--p 001ac000 103:01 439131                    /usr/lib64/libc-2.26.so
7fa4f5beb000-7fa4f5bed000 rw-p 001b0000 103:01 439131                    /usr/lib64/libc-2.26.so
7fa4f5bed000-7fa4f5bf1000 rw-p 00000000 00:00 0 
7fa4f5bf1000-7fa4f5bf4000 r-xp 00000000 103:01 439135                    /usr/lib64/libdl-2.26.so
7fa4f5bf4000-7fa4f5df3000 ---p 00003000 103:01 439135                    /usr/lib64/libdl-2.26.so
7fa4f5df3000-7fa4f5df4000 r--p 00002000 103:01 439135                    /usr/lib64/libdl-2.26.so
7fa4f5df4000-7fa4f5df5000 rw-p 00003000 103:01 439135                    /usr/lib64/libdl-2.26.so
7fa4f5df5000-7fa4f5e03000 r-xp 00000000 103:01 13077248                  /usr/lib/jvm/java-1.8.0-openjdk-1.8.0.201.b09-0.amzn2.x86_64/jre/lib/amd64/jli/libjli.so
7fa4f5e03000-7fa4f6002000 ---p 0000e000 103:01 13077248                  /usr/lib/jvm/java-1.8.0-openjdk-1.8.0.201.b09-0.amzn2.x86_64/jre/lib/amd64/jli/libjli.so
7fa4f6002000-7fa4f6003000 r--p 0000d000 103:01 13077248                  /usr/lib/jvm/java-1.8.0-openjdk-1.8.0.201.b09-0.amzn2.x86_64/jre/lib/amd64/jli/libjli.so
7fa4f6003000-7fa4f6004000 rw-p 0000e000 103:01 13077248                  /usr/lib/jvm/java-1.8.0-openjdk-1.8.0.201.b09-0.amzn2.x86_64/jre/lib/amd64/jli/libjli.so
7fa4f6004000-7fa4f6018000 r-xp 00000000 103:01 439500                    /usr/lib64/libz.so.1.2.7
7fa4f6018000-7fa4f6218000 ---p 00014000 103:01 439500                    /usr/lib64/libz.so.1.2.7
7fa4f6218000-7fa4f6219000 r--p 00014000 103:01 439500                    /usr/lib64/libz.so.1.2.7
7fa4f6219000-7fa4f621a000 rw-p 00015000 103:01 439500                    /usr/lib64/libz.so.1.2.7
7fa4f621a000-7fa4f6233000 r-xp 00000000 103:01 439309                    /usr/lib64/libpthread-2.26.so
7fa4f6233000-7fa4f6432000 ---p 00019000 103:01 439309                    /usr/lib64/libpthread-2.26.so
7fa4f6432000-7fa4f6433000 r--p 00018000 103:01 439309                    /usr/lib64/libpthread-2.26.so
7fa4f6433000-7fa4f6434000 rw-p 00019000 103:01 439309                    /usr/lib64/libpthread-2.26.so
7fa4f6434000-7fa4f6438000 rw-p 00000000 00:00 0 
7fa4f6438000-7fa4f645d000 r-xp 00000000 103:01 439124                    /usr/lib64/ld-2.26.so
7fa4f6506000-7fa4f6547000 rw-p 00000000 00:00 0 
7fa4f6547000-7fa4f654f000 rw-s 00000000 103:01 12859632                  /tmp/hsperfdata_minecraft/3709
7fa4f654f000-7fa4f6550000 ---p 00000000 00:00 0 
7fa4f6550000-7fa4f6553000 ---p 00000000 00:00 0 
7fa4f6553000-7fa4f6652000 rw-p 00000000 00:00 0 
7fa4f6658000-7fa4f6659000 rw-p 00000000 00:00 0 
7fa4f6659000-7fa4f665a000 r--p 00000000 00:00 0 
7fa4f665a000-7fa4f665c000 rw-p 00000000 00:00 0 
7fa4f665c000-7fa4f665d000 r--p 00024000 103:01 439124                    /usr/lib64/ld-2.26.so
7fa4f665d000-7fa4f665e000 rw-p 00025000 103:01 439124                    /usr/lib64/ld-2.26.so
7fa4f665e000-7fa4f665f000 rw-p 00000000 00:00 0 
7ffd601a3000-7ffd601c4000 rw-p 00000000 00:00 0                          [stack]
7ffd601f0000-7ffd601f3000 r--p 00000000 00:00 0                          [vvar]
7ffd601f3000-7ffd601f5000 r-xp 00000000 00:00 0                          [vdso]
ffffffffff600000-ffffffffff601000 r-xp 00000000 00:00 0                  [vsyscall]

VM Arguments:
jvm_args: -Xms3g -Xmx3g 
java_command: server.jar nogui
java_class_path (initial): server.jar
Launcher Type: SUN_STANDARD

Environment Variables:
PATH=/usr/local/sbin:/usr/local/bin:/usr/sbin:/usr/bin
SHELL=/bin/bash

Signal Handlers:
SIGSEGV: [libjvm.so+0xb82060], sa_mask[0]=11111111011111111101111111111110, sa_flags=SA_RESTART|SA_SIGINFO
SIGBUS: [libjvm.so+0xb82060], sa_mask[0]=11111111011111111101111111111110, sa_flags=SA_RESTART|SA_SIGINFO
SIGFPE: [libjvm.so+0x93c3a0], sa_mask[0]=11111111011111111101111111111110, sa_flags=SA_RESTART|SA_SIGINFO
SIGPIPE: [libjvm.so+0x93c3a0], sa_mask[0]=11111111011111111101111111111110, sa_flags=SA_RESTART|SA_SIGINFO
SIGXFSZ: [libjvm.so+0x93c3a0], sa_mask[0]=11111111011111111101111111111110, sa_flags=SA_RESTART|SA_SIGINFO
SIGILL: [libjvm.so+0x93c3a0], sa_mask[0]=11111111011111111101111111111110, sa_flags=SA_RESTART|SA_SIGINFO
SIGUSR1: SIG_DFL, sa_mask[0]=00000000000000000000000000000000, sa_flags=none
SIGUSR2: [libjvm.so+0x93c250], sa_mask[0]=00000000000000000000000000000000, sa_flags=SA_RESTART|SA_SIGINFO
SIGHUP: SIG_DFL, sa_mask[0]=00000000000000000000000000000000, sa_flags=none
SIGINT: SIG_DFL, sa_mask[0]=00000000000000000000000000000000, sa_flags=none
SIGTERM: SIG_DFL, sa_mask[0]=00000000000000000000000000000000, sa_flags=none
SIGQUIT: SIG_DFL, sa_mask[0]=00000000000000000000000000000000, sa_flags=none


---------------  S Y S T E M  ---------------

OS:Amazon Linux release 2 (Karoo)

uname:Linux 4.14.106-97.85.amzn2.x86_64 #1 SMP Fri Mar 15 17:07:54 UTC 2019 x86_64
libc:glibc 2.26 NPTL 2.26 
rlimit: STACK 8192k, CORE 0k, NPROC 7681, NOFILE 4096, AS infinity
load average:0.04 0.01 0.00

/proc/meminfo:
MemTotal:        2002320 kB
MemFree:         1727332 kB
MemAvailable:    1770496 kB
Buffers:            2088 kB
Cached:           156428 kB
SwapCached:            0 kB
Active:           116120 kB
Inactive:          67132 kB
Active(anon):      24832 kB
Inactive(anon):      204 kB
Active(file):      91288 kB
Inactive(file):    66928 kB
Unevictable:           0 kB
Mlocked:               0 kB
SwapTotal:             0 kB
SwapFree:              0 kB
Dirty:               168 kB
Writeback:             0 kB
AnonPages:         24752 kB
Mapped:            50948 kB
Shmem:               300 kB
Slab:              45148 kB
SReclaimable:      32804 kB
SUnreclaim:        12344 kB
KernelStack:        1608 kB
PageTables:         3252 kB
NFS_Unstable:          0 kB
Bounce:                0 kB
WritebackTmp:          0 kB
CommitLimit:     1001160 kB
Committed_AS:    1237028 kB
VmallocTotal:   34359738367 kB
VmallocUsed:           0 kB
VmallocChunk:          0 kB
AnonHugePages:         0 kB
ShmemHugePages:        0 kB
ShmemPmdMapped:        0 kB
HugePages_Total:       0
HugePages_Free:        0
HugePages_Rsvd:        0
HugePages_Surp:        0
Hugepagesize:       2048 kB
DirectMap4k:       65512 kB
DirectMap2M:     1992704 kB
DirectMap1G:           0 kB

container (cgroup) information:
container_type: cgroupv1
cpu_cpuset_cpus: 0-1
cpu_memory_nodes: 0
active_processor_count: 2
cpu_quota: -1
cpu_period: 100000
cpu_shares: -1
memory_limit_in_bytes: -1
memory_and_swap_limit_in_bytes: -1
memory_soft_limit_in_bytes: -1
memory_usage_in_bytes: 187789312
memory_max_usage_in_bytes: 0


CPU:total 2 (initial active 2) (2 cores per cpu, 2 threads per core) family 6 model 85 stepping 4, cmov, cx8, fxsr, mmx, sse, sse2, sse3, ssse3, sse4.1, sse4.2, popcnt, avx, avx2, aes, clmul, erms, rtm, 3dnowpref, lzcnt, ht, tsc, tscinvbit, bmi1, bmi2, adx

/proc/cpuinfo:
processor	: 0
vendor_id	: GenuineIntel
cpu family	: 6
model		: 85
model name	: Intel(R) Xeon(R) Platinum 8175M CPU @ 2.50GHz
stepping	: 4
microcode	: 0x200005a
cpu MHz		: 2500.000
cache size	: 33792 KB
physical id	: 0
siblings	: 2
core id		: 0
cpu cores	: 1
apicid		: 0
initial apicid	: 0
fpu		: yes
fpu_exception	: yes
cpuid level	: 13
wp		: yes
flags		: fpu vme de pse tsc msr pae mce cx8 apic sep mtrr pge mca cmov pat pse36 clflush mmx fxsr sse sse2 ss ht syscall nx pdpe1gb rdtscp lm constant_tsc rep_good nopl xtopology nonstop_tsc cpuid tsc_known_freq pni pclmulqdq ssse3 fma cx16 pcid sse4_1 sse4_2 x2apic movbe popcnt tsc_deadline_timer aes xsave avx f16c rdrand hypervisor lahf_lm abm 3dnowprefetch invpcid_single pti fsgsbase tsc_adjust bmi1 hle avx2 smep bmi2 erms invpcid rtm mpx avx512f avx512dq rdseed adx smap clflushopt clwb avx512cd avx512bw avx512vl xsaveopt xsavec xgetbv1 xsaves ida arat pku ospke
bugs		: cpu_meltdown spectre_v1 spectre_v2 spec_store_bypass l1tf
bogomips	: 5000.00
clflush size	: 64
cache_alignment	: 64
address sizes	: 46 bits physical, 48 bits virtual
power management:

processor	: 1
vendor_id	: GenuineIntel
cpu family	: 6
model		: 85
model name	: Intel(R) Xeon(R) Platinum 8175M CPU @ 2.50GHz
stepping	: 4
microcode	: 0x200005a
cpu MHz		: 2500.000
cache size	: 33792 KB
physical id	: 0
siblings	: 2
core id		: 0
cpu cores	: 1
apicid		: 1
initial apicid	: 1
fpu		: yes
fpu_exception	: yes
cpuid level	: 13
wp		: yes
flags		: fpu vme de pse tsc msr pae mce cx8 apic sep mtrr pge mca cmov pat pse36 clflush mmx fxsr sse sse2 ss ht syscall nx pdpe1gb rdtscp lm constant_tsc rep_good nopl xtopology nonstop_tsc cpuid tsc_known_freq pni pclmulqdq ssse3 fma cx16 pcid sse4_1 sse4_2 x2apic movbe popcnt tsc_deadline_timer aes xsave avx f16c rdrand hypervisor lahf_lm abm 3dnowprefetch invpcid_single pti fsgsbase tsc_adjust bmi1 hle avx2 smep bmi2 erms invpcid rtm mpx avx512f avx512dq rdseed adx smap clflushopt clwb avx512cd avx512bw avx512vl xsaveopt xsavec xgetbv1 xsaves ida arat pku ospke
bugs		: cpu_meltdown spectre_v1 spectre_v2 spec_store_bypass l1tf
bogomips	: 5000.00
clflush size	: 64
cache_alignment	: 64
address sizes	: 46 bits physical, 48 bits virtual
power management:



Memory: 4k page, physical 2002320k(1727332k free), swap 0k(0k free)

vm_info: OpenJDK 64-Bit Server VM (25.201-b09) for linux-amd64 JRE (1.8.0_201-b09), built on Mar 19 2019 17:20:16 by "mockbuild" with gcc 7.3.1 20180303 (Red Hat 7.3.1-5)

time: Tue Apr  2 03:30:49 2019
timezone: UTC
elapsed time: 0 seconds (0d 0h 0m 0s)

