#
# There is insufficient memory for the Java Runtime Environment to continue.
# Native memory allocation (mmap) failed to map 2147483648 bytes for committing reserved memory.
# Possible reasons:
#   The system is out of physical RAM or swap space
#   The process is running with CompressedOops enabled, and the Java Heap may be blocking the growth of the native heap
# Possible solutions:
#   Reduce memory load on the system
#   Increase physical memory or swap space
#   Check if swap backing store is full
#   Decrease Java heap size (-Xmx/-Xms)
#   Decrease number of Java threads
#   Decrease Java thread stack sizes (-Xss)
#   Set larger code cache with -XX:ReservedCodeCacheSize=
# This output file may be truncated or incomplete.
#
#  Out of Memory Error (os_linux.cpp:2766), pid=2867, tid=0x00007f43d9b45700
#
# JRE version:  (8.0_201-b09) (build )
# Java VM: OpenJDK 64-Bit Server VM (25.201-b09 mixed mode linux-amd64 compressed oops)
# Failed to write core dump. Core dumps have been disabled. To enable core dumping, try "ulimit -c unlimited" before starting Java again
#

---------------  T H R E A D  ---------------

Current thread (0x00007f43d004c800):  JavaThread "Unknown thread" [_thread_in_vm, id=2868, stack(0x00007f43d9a46000,0x00007f43d9b46000)]

Stack: [0x00007f43d9a46000,0x00007f43d9b46000],  sp=0x00007f43d9b445a0,  free space=1017k
Native frames: (J=compiled Java code, j=interpreted, Vv=VM code, C=native code)
V  [libjvm.so+0xb81712]
V  [libjvm.so+0x50d427]
V  [libjvm.so+0x9411f0]
V  [libjvm.so+0x9382fe]
V  [libjvm.so+0x9be5d6]
V  [libjvm.so+0x9adc8c]
V  [libjvm.so+0x2e1b5e]
V  [libjvm.so+0x969831]
V  [libjvm.so+0xb437da]
V  [libjvm.so+0xb43af5]
V  [libjvm.so+0x66008f]
V  [libjvm.so+0xb26b43]
V  [libjvm.so+0x6f4a91]  JNI_CreateJavaVM+0x61
C  [libjli.so+0x2dc3]
C  [libpthread.so.0+0x754b]  start_thread+0xdb


---------------  P R O C E S S  ---------------

Java Threads: ( => current thread )

Other Threads:

=>0x00007f43d004c800 (exited) JavaThread "Unknown thread" [_thread_in_vm, id=2868, stack(0x00007f43d9a46000,0x00007f43d9b46000)]

VM state:not at safepoint (not fully initialized)

VM Mutex/Monitor currently owned by a thread: None

heap address: 0x0000000700000000, size: 3072 MB, Compressed Oops mode: Non-zero based:0x00000006fffff000, Oop shift amount: 3
Narrow klass base: 0x0000000000000000, Narrow klass shift: 0

GC Heap History (0 events):
No events

Deoptimization events (0 events):
No events

Classes redefined (0 events):
No events

Internal exceptions (0 events):
No events

Events (0 events):
No events


Dynamic libraries:
00400000-00401000 r-xp 00000000 103:01 1185027                           /usr/lib/jvm/java-1.8.0-openjdk-1.8.0.201.b09-0.amzn2.x86_64/jre/bin/java
00600000-00601000 r--p 00000000 103:01 1185027                           /usr/lib/jvm/java-1.8.0-openjdk-1.8.0.201.b09-0.amzn2.x86_64/jre/bin/java
00601000-00602000 rw-p 00001000 103:01 1185027                           /usr/lib/jvm/java-1.8.0-openjdk-1.8.0.201.b09-0.amzn2.x86_64/jre/bin/java
0161d000-0163e000 rw-p 00000000 00:00 0                                  [heap]
780000000-7c0000000 rw-p 00000000 00:00 0 
7f43c1000000-7f43c1270000 rwxp 00000000 00:00 0 
7f43c1270000-7f43d0000000 ---p 00000000 00:00 0 
7f43d0000000-7f43d0073000 rw-p 00000000 00:00 0 
7f43d0073000-7f43d4000000 ---p 00000000 00:00 0 
7f43d5da0000-7f43d61a0000 ---p 00000000 00:00 0 
7f43d61a0000-7f43d63ab000 rw-p 00000000 00:00 0 
7f43d63ab000-7f43d6761000 ---p 00000000 00:00 0 
7f43d6761000-7f43d6769000 r-xp 00000000 103:01 4472550                   /usr/lib/jvm/java-1.8.0-openjdk-1.8.0.201.b09-0.amzn2.x86_64/jre/lib/amd64/libzip.so
7f43d6769000-7f43d6968000 ---p 00008000 103:01 4472550                   /usr/lib/jvm/java-1.8.0-openjdk-1.8.0.201.b09-0.amzn2.x86_64/jre/lib/amd64/libzip.so
7f43d6968000-7f43d6969000 r--p 00007000 103:01 4472550                   /usr/lib/jvm/java-1.8.0-openjdk-1.8.0.201.b09-0.amzn2.x86_64/jre/lib/amd64/libzip.so
7f43d6969000-7f43d696a000 rw-p 00008000 103:01 4472550                   /usr/lib/jvm/java-1.8.0-openjdk-1.8.0.201.b09-0.amzn2.x86_64/jre/lib/amd64/libzip.so
7f43d696a000-7f43d6975000 r-xp 00000000 103:01 439307                    /usr/lib64/libnss_files-2.26.so
7f43d6975000-7f43d6b74000 ---p 0000b000 103:01 439307                    /usr/lib64/libnss_files-2.26.so
7f43d6b74000-7f43d6b75000 r--p 0000a000 103:01 439307                    /usr/lib64/libnss_files-2.26.so
7f43d6b75000-7f43d6b76000 rw-p 0000b000 103:01 439307                    /usr/lib64/libnss_files-2.26.so
7f43d6b76000-7f43d6b7c000 rw-p 00000000 00:00 0 
7f43d6b7c000-7f43d6b84000 r-xp 00000000 103:01 872466                    /usr/lib64/libnss_sss.so.2
7f43d6b84000-7f43d6d83000 ---p 00008000 103:01 872466                    /usr/lib64/libnss_sss.so.2
7f43d6d83000-7f43d6d84000 r--p 00007000 103:01 872466                    /usr/lib64/libnss_sss.so.2
7f43d6d84000-7f43d6d85000 rw-p 00008000 103:01 872466                    /usr/lib64/libnss_sss.so.2
7f43d6d85000-7f43d6daf000 r-xp 00000000 103:01 4472532                   /usr/lib/jvm/java-1.8.0-openjdk-1.8.0.201.b09-0.amzn2.x86_64/jre/lib/amd64/libjava.so
7f43d6daf000-7f43d6faf000 ---p 0002a000 103:01 4472532                   /usr/lib/jvm/java-1.8.0-openjdk-1.8.0.201.b09-0.amzn2.x86_64/jre/lib/amd64/libjava.so
7f43d6faf000-7f43d6fb0000 r--p 0002a000 103:01 4472532                   /usr/lib/jvm/java-1.8.0-openjdk-1.8.0.201.b09-0.amzn2.x86_64/jre/lib/amd64/libjava.so
7f43d6fb0000-7f43d6fb2000 rw-p 0002b000 103:01 4472532                   /usr/lib/jvm/java-1.8.0-openjdk-1.8.0.201.b09-0.amzn2.x86_64/jre/lib/amd64/libjava.so
7f43d6fb2000-7f43d6fbf000 r-xp 00000000 103:01 4472549                   /usr/lib/jvm/java-1.8.0-openjdk-1.8.0.201.b09-0.amzn2.x86_64/jre/lib/amd64/libverify.so
7f43d6fbf000-7f43d71be000 ---p 0000d000 103:01 4472549                   /usr/lib/jvm/java-1.8.0-openjdk-1.8.0.201.b09-0.amzn2.x86_64/jre/lib/amd64/libverify.so
7f43d71be000-7f43d71c0000 r--p 0000c000 103:01 4472549                   /usr/lib/jvm/java-1.8.0-openjdk-1.8.0.201.b09-0.amzn2.x86_64/jre/lib/amd64/libverify.so
7f43d71c0000-7f43d71c1000 rw-p 0000e000 103:01 4472549                   /usr/lib/jvm/java-1.8.0-openjdk-1.8.0.201.b09-0.amzn2.x86_64/jre/lib/amd64/libverify.so
7f43d71c1000-7f43d71c8000 r-xp 00000000 103:01 439313                    /usr/lib64/librt-2.26.so
7f43d71c8000-7f43d73c7000 ---p 00007000 103:01 439313                    /usr/lib64/librt-2.26.so
7f43d73c7000-7f43d73c8000 r--p 00006000 103:01 439313                    /usr/lib64/librt-2.26.so
7f43d73c8000-7f43d73c9000 rw-p 00007000 103:01 439313                    /usr/lib64/librt-2.26.so
7f43d73c9000-7f43d73df000 r-xp 00000000 103:01 439116                    /usr/lib64/libgcc_s-7-20180303.so.1
7f43d73df000-7f43d75de000 ---p 00016000 103:01 439116                    /usr/lib64/libgcc_s-7-20180303.so.1
7f43d75de000-7f43d75df000 r--p 00015000 103:01 439116                    /usr/lib64/libgcc_s-7-20180303.so.1
7f43d75df000-7f43d75e0000 rw-p 00016000 103:01 439116                    /usr/lib64/libgcc_s-7-20180303.so.1
7f43d75e0000-7f43d772a000 r-xp 00000000 103:01 439297                    /usr/lib64/libm-2.26.so
7f43d772a000-7f43d7929000 ---p 0014a000 103:01 439297                    /usr/lib64/libm-2.26.so
7f43d7929000-7f43d792a000 r--p 00149000 103:01 439297                    /usr/lib64/libm-2.26.so
7f43d792a000-7f43d792b000 rw-p 0014a000 103:01 439297                    /usr/lib64/libm-2.26.so
7f43d792b000-7f43d7aa3000 r-xp 00000000 103:01 439351                    /usr/lib64/libstdc++.so.6.0.24
7f43d7aa3000-7f43d7ca3000 ---p 00178000 103:01 439351                    /usr/lib64/libstdc++.so.6.0.24
7f43d7ca3000-7f43d7cad000 r--p 00178000 103:01 439351                    /usr/lib64/libstdc++.so.6.0.24
7f43d7cad000-7f43d7caf000 rw-p 00182000 103:01 439351                    /usr/lib64/libstdc++.so.6.0.24
7f43d7caf000-7f43d7cb3000 rw-p 00000000 00:00 0 
7f43d7cb3000-7f43d8a36000 r-xp 00000000 103:01 1185040                   /usr/lib/jvm/java-1.8.0-openjdk-1.8.0.201.b09-0.amzn2.x86_64/jre/lib/amd64/server/libjvm.so
7f43d8a36000-7f43d8c35000 ---p 00d83000 103:01 1185040                   /usr/lib/jvm/java-1.8.0-openjdk-1.8.0.201.b09-0.amzn2.x86_64/jre/lib/amd64/server/libjvm.so
7f43d8c35000-7f43d8cd7000 r--p 00d82000 103:01 1185040                   /usr/lib/jvm/java-1.8.0-openjdk-1.8.0.201.b09-0.amzn2.x86_64/jre/lib/amd64/server/libjvm.so
7f43d8cd7000-7f43d8d01000 rw-p 00e24000 103:01 1185040                   /usr/lib/jvm/java-1.8.0-openjdk-1.8.0.201.b09-0.amzn2.x86_64/jre/lib/amd64/server/libjvm.so
7f43d8d01000-7f43d8d31000 rw-p 00000000 00:00 0 
7f43d8d31000-7f43d8ede000 r-xp 00000000 103:01 439131                    /usr/lib64/libc-2.26.so
7f43d8ede000-7f43d90dd000 ---p 001ad000 103:01 439131                    /usr/lib64/libc-2.26.so
7f43d90dd000-7f43d90e1000 r--p 001ac000 103:01 439131                    /usr/lib64/libc-2.26.so
7f43d90e1000-7f43d90e3000 rw-p 001b0000 103:01 439131                    /usr/lib64/libc-2.26.so
7f43d90e3000-7f43d90e7000 rw-p 00000000 00:00 0 
7f43d90e7000-7f43d90ea000 r-xp 00000000 103:01 439135                    /usr/lib64/libdl-2.26.so
7f43d90ea000-7f43d92e9000 ---p 00003000 103:01 439135                    /usr/lib64/libdl-2.26.so
7f43d92e9000-7f43d92ea000 r--p 00002000 103:01 439135                    /usr/lib64/libdl-2.26.so
7f43d92ea000-7f43d92eb000 rw-p 00003000 103:01 439135                    /usr/lib64/libdl-2.26.so
7f43d92eb000-7f43d92f9000 r-xp 00000000 103:01 13077248                  /usr/lib/jvm/java-1.8.0-openjdk-1.8.0.201.b09-0.amzn2.x86_64/jre/lib/amd64/jli/libjli.so
7f43d92f9000-7f43d94f8000 ---p 0000e000 103:01 13077248                  /usr/lib/jvm/java-1.8.0-openjdk-1.8.0.201.b09-0.amzn2.x86_64/jre/lib/amd64/jli/libjli.so
7f43d94f8000-7f43d94f9000 r--p 0000d000 103:01 13077248                  /usr/lib/jvm/java-1.8.0-openjdk-1.8.0.201.b09-0.amzn2.x86_64/jre/lib/amd64/jli/libjli.so
7f43d94f9000-7f43d94fa000 rw-p 0000e000 103:01 13077248                  /usr/lib/jvm/java-1.8.0-openjdk-1.8.0.201.b09-0.amzn2.x86_64/jre/lib/amd64/jli/libjli.so
7f43d94fa000-7f43d950e000 r-xp 00000000 103:01 439500                    /usr/lib64/libz.so.1.2.7
7f43d950e000-7f43d970e000 ---p 00014000 103:01 439500                    /usr/lib64/libz.so.1.2.7
7f43d970e000-7f43d970f000 r--p 00014000 103:01 439500                    /usr/lib64/libz.so.1.2.7
7f43d970f000-7f43d9710000 rw-p 00015000 103:01 439500                    /usr/lib64/libz.so.1.2.7
7f43d9710000-7f43d9729000 r-xp 00000000 103:01 439309                    /usr/lib64/libpthread-2.26.so
7f43d9729000-7f43d9928000 ---p 00019000 103:01 439309                    /usr/lib64/libpthread-2.26.so
7f43d9928000-7f43d9929000 r--p 00018000 103:01 439309                    /usr/lib64/libpthread-2.26.so
7f43d9929000-7f43d992a000 rw-p 00019000 103:01 439309                    /usr/lib64/libpthread-2.26.so
7f43d992a000-7f43d992e000 rw-p 00000000 00:00 0 
7f43d992e000-7f43d9953000 r-xp 00000000 103:01 439124                    /usr/lib64/ld-2.26.so
7f43d99fc000-7f43d9a3d000 rw-p 00000000 00:00 0 
7f43d9a3d000-7f43d9a45000 rw-s 00000000 103:01 12586664                  /tmp/hsperfdata_minecraft/2867
7f43d9a45000-7f43d9a46000 ---p 00000000 00:00 0 
7f43d9a46000-7f43d9a49000 ---p 00000000 00:00 0 
7f43d9a49000-7f43d9b48000 rw-p 00000000 00:00 0 
7f43d9b4e000-7f43d9b4f000 rw-p 00000000 00:00 0 
7f43d9b4f000-7f43d9b50000 r--p 00000000 00:00 0 
7f43d9b50000-7f43d9b52000 rw-p 00000000 00:00 0 
7f43d9b52000-7f43d9b53000 r--p 00024000 103:01 439124                    /usr/lib64/ld-2.26.so
7f43d9b53000-7f43d9b54000 rw-p 00025000 103:01 439124                    /usr/lib64/ld-2.26.so
7f43d9b54000-7f43d9b55000 rw-p 00000000 00:00 0 
7ffe822cd000-7ffe822ee000 rw-p 00000000 00:00 0                          [stack]
7ffe82397000-7ffe8239a000 r--p 00000000 00:00 0                          [vvar]
7ffe8239a000-7ffe8239c000 r-xp 00000000 00:00 0                          [vdso]
ffffffffff600000-ffffffffff601000 r-xp 00000000 00:00 0                  [vsyscall]

VM Arguments:
jvm_args: -Xms3g -Xmx3g 
java_command: server.jar nogui
java_class_path (initial): server.jar
Launcher Type: SUN_STANDARD

Environment Variables:
PATH=/usr/local/sbin:/usr/local/bin:/usr/sbin:/usr/bin
SHELL=/bin/bash

Signal Handlers:
SIGSEGV: [libjvm.so+0xb82060], sa_mask[0]=11111111011111111101111111111110, sa_flags=SA_RESTART|SA_SIGINFO
SIGBUS: [libjvm.so+0xb82060], sa_mask[0]=11111111011111111101111111111110, sa_flags=SA_RESTART|SA_SIGINFO
SIGFPE: [libjvm.so+0x93c3a0], sa_mask[0]=11111111011111111101111111111110, sa_flags=SA_RESTART|SA_SIGINFO
SIGPIPE: [libjvm.so+0x93c3a0], sa_mask[0]=11111111011111111101111111111110, sa_flags=SA_RESTART|SA_SIGINFO
SIGXFSZ: [libjvm.so+0x93c3a0], sa_mask[0]=11111111011111111101111111111110, sa_flags=SA_RESTART|SA_SIGINFO
SIGILL: [libjvm.so+0x93c3a0], sa_mask[0]=11111111011111111101111111111110, sa_flags=SA_RESTART|SA_SIGINFO
SIGUSR1: SIG_DFL, sa_mask[0]=00000000000000000000000000000000, sa_flags=none
SIGUSR2: [libjvm.so+0x93c250], sa_mask[0]=00000000000000000000000000000000, sa_flags=SA_RESTART|SA_SIGINFO
SIGHUP: SIG_DFL, sa_mask[0]=00000000000000000000000000000000, sa_flags=none
SIGINT: SIG_DFL, sa_mask[0]=00000000000000000000000000000000, sa_flags=none
SIGTERM: SIG_DFL, sa_mask[0]=00000000000000000000000000000000, sa_flags=none
SIGQUIT: SIG_DFL, sa_mask[0]=00000000000000000000000000000000, sa_flags=none


---------------  S Y S T E M  ---------------

OS:Amazon Linux release 2 (Karoo)

uname:Linux 4.14.106-97.85.amzn2.x86_64 #1 SMP Fri Mar 15 17:07:54 UTC 2019 x86_64
libc:glibc 2.26 NPTL 2.26 
rlimit: STACK 8192k, CORE 0k, NPROC 7681, NOFILE 4096, AS infinity
load average:0.00 0.00 0.00

/proc/meminfo:
MemTotal:        2002320 kB
MemFree:         1762312 kB
MemAvailable:    1791472 kB
Buffers:            2088 kB
Cached:           150060 kB
SwapCached:            0 kB
Active:           114232 kB
Inactive:          62516 kB
Active(anon):      24696 kB
Inactive(anon):      204 kB
Active(file):      89536 kB
Inactive(file):    62312 kB
Unevictable:           0 kB
Mlocked:               0 kB
SwapTotal:             0 kB
SwapFree:              0 kB
Dirty:               176 kB
Writeback:             0 kB
AnonPages:         24644 kB
Mapped:            50156 kB
Shmem:               300 kB
Slab:              29180 kB
SReclaimable:      17560 kB
SUnreclaim:        11620 kB
KernelStack:        1632 kB
PageTables:         3308 kB
NFS_Unstable:          0 kB
Bounce:                0 kB
WritebackTmp:          0 kB
CommitLimit:     1001160 kB
Committed_AS:    1233504 kB
VmallocTotal:   34359738367 kB
VmallocUsed:           0 kB
VmallocChunk:          0 kB
AnonHugePages:         0 kB
ShmemHugePages:        0 kB
ShmemPmdMapped:        0 kB
HugePages_Total:       0
HugePages_Free:        0
HugePages_Rsvd:        0
HugePages_Surp:        0
Hugepagesize:       2048 kB
DirectMap4k:       65512 kB
DirectMap2M:     1992704 kB
DirectMap1G:           0 kB

container (cgroup) information:
container_type: cgroupv1
cpu_cpuset_cpus: 0-1
cpu_memory_nodes: 0
active_processor_count: 2
cpu_quota: -1
cpu_period: 100000
cpu_shares: -1
memory_limit_in_bytes: -1
memory_and_swap_limit_in_bytes: -1
memory_soft_limit_in_bytes: -1
memory_usage_in_bytes: 181129216
memory_max_usage_in_bytes: 0


CPU:total 2 (initial active 2) (2 cores per cpu, 2 threads per core) family 6 model 85 stepping 4, cmov, cx8, fxsr, mmx, sse, sse2, sse3, ssse3, sse4.1, sse4.2, popcnt, avx, avx2, aes, clmul, erms, rtm, 3dnowpref, lzcnt, ht, tsc, tscinvbit, bmi1, bmi2, adx

/proc/cpuinfo:
processor	: 0
vendor_id	: GenuineIntel
cpu family	: 6
model		: 85
model name	: Intel(R) Xeon(R) Platinum 8175M CPU @ 2.50GHz
stepping	: 4
microcode	: 0x200005a
cpu MHz		: 2500.000
cache size	: 33792 KB
physical id	: 0
siblings	: 2
core id		: 0
cpu cores	: 1
apicid		: 0
initial apicid	: 0
fpu		: yes
fpu_exception	: yes
cpuid level	: 13
wp		: yes
flags		: fpu vme de pse tsc msr pae mce cx8 apic sep mtrr pge mca cmov pat pse36 clflush mmx fxsr sse sse2 ss ht syscall nx pdpe1gb rdtscp lm constant_tsc rep_good nopl xtopology nonstop_tsc cpuid tsc_known_freq pni pclmulqdq ssse3 fma cx16 pcid sse4_1 sse4_2 x2apic movbe popcnt tsc_deadline_timer aes xsave avx f16c rdrand hypervisor lahf_lm abm 3dnowprefetch invpcid_single pti fsgsbase tsc_adjust bmi1 hle avx2 smep bmi2 erms invpcid rtm mpx avx512f avx512dq rdseed adx smap clflushopt clwb avx512cd avx512bw avx512vl xsaveopt xsavec xgetbv1 xsaves ida arat pku ospke
bugs		: cpu_meltdown spectre_v1 spectre_v2 spec_store_bypass l1tf
bogomips	: 5000.00
clflush size	: 64
cache_alignment	: 64
address sizes	: 46 bits physical, 48 bits virtual
power management:

processor	: 1
vendor_id	: GenuineIntel
cpu family	: 6
model		: 85
model name	: Intel(R) Xeon(R) Platinum 8175M CPU @ 2.50GHz
stepping	: 4
microcode	: 0x200005a
cpu MHz		: 2500.000
cache size	: 33792 KB
physical id	: 0
siblings	: 2
core id		: 0
cpu cores	: 1
apicid		: 1
initial apicid	: 1
fpu		: yes
fpu_exception	: yes
cpuid level	: 13
wp		: yes
flags		: fpu vme de pse tsc msr pae mce cx8 apic sep mtrr pge mca cmov pat pse36 clflush mmx fxsr sse sse2 ss ht syscall nx pdpe1gb rdtscp lm constant_tsc rep_good nopl xtopology nonstop_tsc cpuid tsc_known_freq pni pclmulqdq ssse3 fma cx16 pcid sse4_1 sse4_2 x2apic movbe popcnt tsc_deadline_timer aes xsave avx f16c rdrand hypervisor lahf_lm abm 3dnowprefetch invpcid_single pti fsgsbase tsc_adjust bmi1 hle avx2 smep bmi2 erms invpcid rtm mpx avx512f avx512dq rdseed adx smap clflushopt clwb avx512cd avx512bw avx512vl xsaveopt xsavec xgetbv1 xsaves ida arat pku ospke
bugs		: cpu_meltdown spectre_v1 spectre_v2 spec_store_bypass l1tf
bogomips	: 5000.00
clflush size	: 64
cache_alignment	: 64
address sizes	: 46 bits physical, 48 bits virtual
power management:



Memory: 4k page, physical 2002320k(1762188k free), swap 0k(0k free)

vm_info: OpenJDK 64-Bit Server VM (25.201-b09) for linux-amd64 JRE (1.8.0_201-b09), built on Mar 19 2019 17:20:16 by "mockbuild" with gcc 7.3.1 20180303 (Red Hat 7.3.1-5)

time: Tue Apr  2 02:07:28 2019
timezone: UTC
elapsed time: 0 seconds (0d 0h 0m 0s)

