#
# There is insufficient memory for the Java Runtime Environment to continue.
# Native memory allocation (mmap) failed to map 2147483648 bytes for committing reserved memory.
# Possible reasons:
#   The system is out of physical RAM or swap space
#   The process is running with CompressedOops enabled, and the Java Heap may be blocking the growth of the native heap
# Possible solutions:
#   Reduce memory load on the system
#   Increase physical memory or swap space
#   Check if swap backing store is full
#   Decrease Java heap size (-Xmx/-Xms)
#   Decrease number of Java threads
#   Decrease Java thread stack sizes (-Xss)
#   Set larger code cache with -XX:ReservedCodeCacheSize=
# This output file may be truncated or incomplete.
#
#  Out of Memory Error (os_linux.cpp:2766), pid=4849, tid=0x00007f6274f18700
#
# JRE version:  (8.0_201-b09) (build )
# Java VM: OpenJDK 64-Bit Server VM (25.201-b09 mixed mode linux-amd64 compressed oops)
# Failed to write core dump. Core dumps have been disabled. To enable core dumping, try "ulimit -c unlimited" before starting Java again
#

---------------  T H R E A D  ---------------

Current thread (0x00007f626c04c800):  JavaThread "Unknown thread" [_thread_in_vm, id=4850, stack(0x00007f6274e19000,0x00007f6274f19000)]

Stack: [0x00007f6274e19000,0x00007f6274f19000],  sp=0x00007f6274f175a0,  free space=1017k
Native frames: (J=compiled Java code, j=interpreted, Vv=VM code, C=native code)
V  [libjvm.so+0xb81712]
V  [libjvm.so+0x50d427]
V  [libjvm.so+0x9411f0]
V  [libjvm.so+0x9382fe]
V  [libjvm.so+0x9be5d6]
V  [libjvm.so+0x9adc8c]
V  [libjvm.so+0x2e1b5e]
V  [libjvm.so+0x969831]
V  [libjvm.so+0xb437da]
V  [libjvm.so+0xb43af5]
V  [libjvm.so+0x66008f]
V  [libjvm.so+0xb26b43]
V  [libjvm.so+0x6f4a91]  JNI_CreateJavaVM+0x61
C  [libjli.so+0x2dc3]
C  [libpthread.so.0+0x754b]  start_thread+0xdb


---------------  P R O C E S S  ---------------

Java Threads: ( => current thread )

Other Threads:

=>0x00007f626c04c800 (exited) JavaThread "Unknown thread" [_thread_in_vm, id=4850, stack(0x00007f6274e19000,0x00007f6274f19000)]

VM state:not at safepoint (not fully initialized)

VM Mutex/Monitor currently owned by a thread: None

heap address: 0x0000000700000000, size: 3072 MB, Compressed Oops mode: Non-zero based:0x00000006fffff000, Oop shift amount: 3
Narrow klass base: 0x0000000000000000, Narrow klass shift: 0

GC Heap History (0 events):
No events

Deoptimization events (0 events):
No events

Classes redefined (0 events):
No events

Internal exceptions (0 events):
No events

Events (0 events):
No events


Dynamic libraries:
00400000-00401000 r-xp 00000000 103:01 1185027                           /usr/lib/jvm/java-1.8.0-openjdk-1.8.0.201.b09-0.amzn2.x86_64/jre/bin/java
00600000-00601000 r--p 00000000 103:01 1185027                           /usr/lib/jvm/java-1.8.0-openjdk-1.8.0.201.b09-0.amzn2.x86_64/jre/bin/java
00601000-00602000 rw-p 00001000 103:01 1185027                           /usr/lib/jvm/java-1.8.0-openjdk-1.8.0.201.b09-0.amzn2.x86_64/jre/bin/java
01b4a000-01b6b000 rw-p 00000000 00:00 0                                  [heap]
780000000-7c0000000 rw-p 00000000 00:00 0 
7f625d000000-7f625d270000 rwxp 00000000 00:00 0 
7f625d270000-7f626c000000 ---p 00000000 00:00 0 
7f626c000000-7f626c073000 rw-p 00000000 00:00 0 
7f626c073000-7f6270000000 ---p 00000000 00:00 0 
7f6271173000-7f6271573000 ---p 00000000 00:00 0 
7f6271573000-7f627177e000 rw-p 00000000 00:00 0 
7f627177e000-7f6271b34000 ---p 00000000 00:00 0 
7f6271b34000-7f6271b3c000 r-xp 00000000 103:01 4472550                   /usr/lib/jvm/java-1.8.0-openjdk-1.8.0.201.b09-0.amzn2.x86_64/jre/lib/amd64/libzip.so
7f6271b3c000-7f6271d3b000 ---p 00008000 103:01 4472550                   /usr/lib/jvm/java-1.8.0-openjdk-1.8.0.201.b09-0.amzn2.x86_64/jre/lib/amd64/libzip.so
7f6271d3b000-7f6271d3c000 r--p 00007000 103:01 4472550                   /usr/lib/jvm/java-1.8.0-openjdk-1.8.0.201.b09-0.amzn2.x86_64/jre/lib/amd64/libzip.so
7f6271d3c000-7f6271d3d000 rw-p 00008000 103:01 4472550                   /usr/lib/jvm/java-1.8.0-openjdk-1.8.0.201.b09-0.amzn2.x86_64/jre/lib/amd64/libzip.so
7f6271d3d000-7f6271d48000 r-xp 00000000 103:01 439307                    /usr/lib64/libnss_files-2.26.so
7f6271d48000-7f6271f47000 ---p 0000b000 103:01 439307                    /usr/lib64/libnss_files-2.26.so
7f6271f47000-7f6271f48000 r--p 0000a000 103:01 439307                    /usr/lib64/libnss_files-2.26.so
7f6271f48000-7f6271f49000 rw-p 0000b000 103:01 439307                    /usr/lib64/libnss_files-2.26.so
7f6271f49000-7f6271f4f000 rw-p 00000000 00:00 0 
7f6271f4f000-7f6271f57000 r-xp 00000000 103:01 872466                    /usr/lib64/libnss_sss.so.2
7f6271f57000-7f6272156000 ---p 00008000 103:01 872466                    /usr/lib64/libnss_sss.so.2
7f6272156000-7f6272157000 r--p 00007000 103:01 872466                    /usr/lib64/libnss_sss.so.2
7f6272157000-7f6272158000 rw-p 00008000 103:01 872466                    /usr/lib64/libnss_sss.so.2
7f6272158000-7f6272182000 r-xp 00000000 103:01 4472532                   /usr/lib/jvm/java-1.8.0-openjdk-1.8.0.201.b09-0.amzn2.x86_64/jre/lib/amd64/libjava.so
7f6272182000-7f6272382000 ---p 0002a000 103:01 4472532                   /usr/lib/jvm/java-1.8.0-openjdk-1.8.0.201.b09-0.amzn2.x86_64/jre/lib/amd64/libjava.so
7f6272382000-7f6272383000 r--p 0002a000 103:01 4472532                   /usr/lib/jvm/java-1.8.0-openjdk-1.8.0.201.b09-0.amzn2.x86_64/jre/lib/amd64/libjava.so
7f6272383000-7f6272385000 rw-p 0002b000 103:01 4472532                   /usr/lib/jvm/java-1.8.0-openjdk-1.8.0.201.b09-0.amzn2.x86_64/jre/lib/amd64/libjava.so
7f6272385000-7f6272392000 r-xp 00000000 103:01 4472549                   /usr/lib/jvm/java-1.8.0-openjdk-1.8.0.201.b09-0.amzn2.x86_64/jre/lib/amd64/libverify.so
7f6272392000-7f6272591000 ---p 0000d000 103:01 4472549                   /usr/lib/jvm/java-1.8.0-openjdk-1.8.0.201.b09-0.amzn2.x86_64/jre/lib/amd64/libverify.so
7f6272591000-7f6272593000 r--p 0000c000 103:01 4472549                   /usr/lib/jvm/java-1.8.0-openjdk-1.8.0.201.b09-0.amzn2.x86_64/jre/lib/amd64/libverify.so
7f6272593000-7f6272594000 rw-p 0000e000 103:01 4472549                   /usr/lib/jvm/java-1.8.0-openjdk-1.8.0.201.b09-0.amzn2.x86_64/jre/lib/amd64/libverify.so
7f6272594000-7f627259b000 r-xp 00000000 103:01 439313                    /usr/lib64/librt-2.26.so
7f627259b000-7f627279a000 ---p 00007000 103:01 439313                    /usr/lib64/librt-2.26.so
7f627279a000-7f627279b000 r--p 00006000 103:01 439313                    /usr/lib64/librt-2.26.so
7f627279b000-7f627279c000 rw-p 00007000 103:01 439313                    /usr/lib64/librt-2.26.so
7f627279c000-7f62727b2000 r-xp 00000000 103:01 439116                    /usr/lib64/libgcc_s-7-20180303.so.1
7f62727b2000-7f62729b1000 ---p 00016000 103:01 439116                    /usr/lib64/libgcc_s-7-20180303.so.1
7f62729b1000-7f62729b2000 r--p 00015000 103:01 439116                    /usr/lib64/libgcc_s-7-20180303.so.1
7f62729b2000-7f62729b3000 rw-p 00016000 103:01 439116                    /usr/lib64/libgcc_s-7-20180303.so.1
7f62729b3000-7f6272afd000 r-xp 00000000 103:01 439297                    /usr/lib64/libm-2.26.so
7f6272afd000-7f6272cfc000 ---p 0014a000 103:01 439297                    /usr/lib64/libm-2.26.so
7f6272cfc000-7f6272cfd000 r--p 00149000 103:01 439297                    /usr/lib64/libm-2.26.so
7f6272cfd000-7f6272cfe000 rw-p 0014a000 103:01 439297                    /usr/lib64/libm-2.26.so
7f6272cfe000-7f6272e76000 r-xp 00000000 103:01 439351                    /usr/lib64/libstdc++.so.6.0.24
7f6272e76000-7f6273076000 ---p 00178000 103:01 439351                    /usr/lib64/libstdc++.so.6.0.24
7f6273076000-7f6273080000 r--p 00178000 103:01 439351                    /usr/lib64/libstdc++.so.6.0.24
7f6273080000-7f6273082000 rw-p 00182000 103:01 439351                    /usr/lib64/libstdc++.so.6.0.24
7f6273082000-7f6273086000 rw-p 00000000 00:00 0 
7f6273086000-7f6273e09000 r-xp 00000000 103:01 1185040                   /usr/lib/jvm/java-1.8.0-openjdk-1.8.0.201.b09-0.amzn2.x86_64/jre/lib/amd64/server/libjvm.so
7f6273e09000-7f6274008000 ---p 00d83000 103:01 1185040                   /usr/lib/jvm/java-1.8.0-openjdk-1.8.0.201.b09-0.amzn2.x86_64/jre/lib/amd64/server/libjvm.so
7f6274008000-7f62740aa000 r--p 00d82000 103:01 1185040                   /usr/lib/jvm/java-1.8.0-openjdk-1.8.0.201.b09-0.amzn2.x86_64/jre/lib/amd64/server/libjvm.so
7f62740aa000-7f62740d4000 rw-p 00e24000 103:01 1185040                   /usr/lib/jvm/java-1.8.0-openjdk-1.8.0.201.b09-0.amzn2.x86_64/jre/lib/amd64/server/libjvm.so
7f62740d4000-7f6274104000 rw-p 00000000 00:00 0 
7f6274104000-7f62742b1000 r-xp 00000000 103:01 439131                    /usr/lib64/libc-2.26.so
7f62742b1000-7f62744b0000 ---p 001ad000 103:01 439131                    /usr/lib64/libc-2.26.so
7f62744b0000-7f62744b4000 r--p 001ac000 103:01 439131                    /usr/lib64/libc-2.26.so
7f62744b4000-7f62744b6000 rw-p 001b0000 103:01 439131                    /usr/lib64/libc-2.26.so
7f62744b6000-7f62744ba000 rw-p 00000000 00:00 0 
7f62744ba000-7f62744bd000 r-xp 00000000 103:01 439135                    /usr/lib64/libdl-2.26.so
7f62744bd000-7f62746bc000 ---p 00003000 103:01 439135                    /usr/lib64/libdl-2.26.so
7f62746bc000-7f62746bd000 r--p 00002000 103:01 439135                    /usr/lib64/libdl-2.26.so
7f62746bd000-7f62746be000 rw-p 00003000 103:01 439135                    /usr/lib64/libdl-2.26.so
7f62746be000-7f62746cc000 r-xp 00000000 103:01 13077248                  /usr/lib/jvm/java-1.8.0-openjdk-1.8.0.201.b09-0.amzn2.x86_64/jre/lib/amd64/jli/libjli.so
7f62746cc000-7f62748cb000 ---p 0000e000 103:01 13077248                  /usr/lib/jvm/java-1.8.0-openjdk-1.8.0.201.b09-0.amzn2.x86_64/jre/lib/amd64/jli/libjli.so
7f62748cb000-7f62748cc000 r--p 0000d000 103:01 13077248                  /usr/lib/jvm/java-1.8.0-openjdk-1.8.0.201.b09-0.amzn2.x86_64/jre/lib/amd64/jli/libjli.so
7f62748cc000-7f62748cd000 rw-p 0000e000 103:01 13077248                  /usr/lib/jvm/java-1.8.0-openjdk-1.8.0.201.b09-0.amzn2.x86_64/jre/lib/amd64/jli/libjli.so
7f62748cd000-7f62748e1000 r-xp 00000000 103:01 439500                    /usr/lib64/libz.so.1.2.7
7f62748e1000-7f6274ae1000 ---p 00014000 103:01 439500                    /usr/lib64/libz.so.1.2.7
7f6274ae1000-7f6274ae2000 r--p 00014000 103:01 439500                    /usr/lib64/libz.so.1.2.7
7f6274ae2000-7f6274ae3000 rw-p 00015000 103:01 439500                    /usr/lib64/libz.so.1.2.7
7f6274ae3000-7f6274afc000 r-xp 00000000 103:01 439309                    /usr/lib64/libpthread-2.26.so
7f6274afc000-7f6274cfb000 ---p 00019000 103:01 439309                    /usr/lib64/libpthread-2.26.so
7f6274cfb000-7f6274cfc000 r--p 00018000 103:01 439309                    /usr/lib64/libpthread-2.26.so
7f6274cfc000-7f6274cfd000 rw-p 00019000 103:01 439309                    /usr/lib64/libpthread-2.26.so
7f6274cfd000-7f6274d01000 rw-p 00000000 00:00 0 
7f6274d01000-7f6274d26000 r-xp 00000000 103:01 439124                    /usr/lib64/ld-2.26.so
7f6274dcf000-7f6274e10000 rw-p 00000000 00:00 0 
7f6274e10000-7f6274e18000 rw-s 00000000 103:01 12859632                  /tmp/hsperfdata_minecraft/4849
7f6274e18000-7f6274e19000 ---p 00000000 00:00 0 
7f6274e19000-7f6274e1c000 ---p 00000000 00:00 0 
7f6274e1c000-7f6274f1b000 rw-p 00000000 00:00 0 
7f6274f21000-7f6274f22000 rw-p 00000000 00:00 0 
7f6274f22000-7f6274f23000 r--p 00000000 00:00 0 
7f6274f23000-7f6274f25000 rw-p 00000000 00:00 0 
7f6274f25000-7f6274f26000 r--p 00024000 103:01 439124                    /usr/lib64/ld-2.26.so
7f6274f26000-7f6274f27000 rw-p 00025000 103:01 439124                    /usr/lib64/ld-2.26.so
7f6274f27000-7f6274f28000 rw-p 00000000 00:00 0 
7fffb4e85000-7fffb4ea6000 rw-p 00000000 00:00 0                          [stack]
7fffb4f99000-7fffb4f9c000 r--p 00000000 00:00 0                          [vvar]
7fffb4f9c000-7fffb4f9e000 r-xp 00000000 00:00 0                          [vdso]
ffffffffff600000-ffffffffff601000 r-xp 00000000 00:00 0                  [vsyscall]

VM Arguments:
jvm_args: -Xms3g -Xmx3g 
java_command: server.jar nogui
java_class_path (initial): server.jar
Launcher Type: SUN_STANDARD

Environment Variables:
PATH=/usr/local/sbin:/usr/local/bin:/usr/sbin:/usr/bin
SHELL=/bin/bash

Signal Handlers:
SIGSEGV: [libjvm.so+0xb82060], sa_mask[0]=11111111011111111101111111111110, sa_flags=SA_RESTART|SA_SIGINFO
SIGBUS: [libjvm.so+0xb82060], sa_mask[0]=11111111011111111101111111111110, sa_flags=SA_RESTART|SA_SIGINFO
SIGFPE: [libjvm.so+0x93c3a0], sa_mask[0]=11111111011111111101111111111110, sa_flags=SA_RESTART|SA_SIGINFO
SIGPIPE: [libjvm.so+0x93c3a0], sa_mask[0]=11111111011111111101111111111110, sa_flags=SA_RESTART|SA_SIGINFO
SIGXFSZ: [libjvm.so+0x93c3a0], sa_mask[0]=11111111011111111101111111111110, sa_flags=SA_RESTART|SA_SIGINFO
SIGILL: [libjvm.so+0x93c3a0], sa_mask[0]=11111111011111111101111111111110, sa_flags=SA_RESTART|SA_SIGINFO
SIGUSR1: SIG_DFL, sa_mask[0]=00000000000000000000000000000000, sa_flags=none
SIGUSR2: [libjvm.so+0x93c250], sa_mask[0]=00000000000000000000000000000000, sa_flags=SA_RESTART|SA_SIGINFO
SIGHUP: SIG_DFL, sa_mask[0]=00000000000000000000000000000000, sa_flags=none
SIGINT: SIG_DFL, sa_mask[0]=00000000000000000000000000000000, sa_flags=none
SIGTERM: SIG_DFL, sa_mask[0]=00000000000000000000000000000000, sa_flags=none
SIGQUIT: SIG_DFL, sa_mask[0]=00000000000000000000000000000000, sa_flags=none


---------------  S Y S T E M  ---------------

OS:Amazon Linux release 2 (Karoo)

uname:Linux 4.14.106-97.85.amzn2.x86_64 #1 SMP Fri Mar 15 17:07:54 UTC 2019 x86_64
libc:glibc 2.26 NPTL 2.26 
rlimit: STACK 8192k, CORE 0k, NPROC 7681, NOFILE 4096, AS infinity
load average:0.00 0.00 0.00

/proc/meminfo:
MemTotal:        2002320 kB
MemFree:         1723284 kB
MemAvailable:    1769804 kB
Buffers:            2088 kB
Cached:           159588 kB
SwapCached:            0 kB
Active:           116644 kB
Inactive:          69972 kB
Active(anon):      24996 kB
Inactive(anon):      204 kB
Active(file):      91648 kB
Inactive(file):    69768 kB
Unevictable:           0 kB
Mlocked:               0 kB
SwapTotal:             0 kB
SwapFree:              0 kB
Dirty:               280 kB
Writeback:             0 kB
AnonPages:         24952 kB
Mapped:            52088 kB
Shmem:               300 kB
Slab:              45712 kB
SReclaimable:      33116 kB
SUnreclaim:        12596 kB
KernelStack:        1608 kB
PageTables:         3248 kB
NFS_Unstable:          0 kB
Bounce:                0 kB
WritebackTmp:          0 kB
CommitLimit:     1001160 kB
Committed_AS:    1236980 kB
VmallocTotal:   34359738367 kB
VmallocUsed:           0 kB
VmallocChunk:          0 kB
AnonHugePages:         0 kB
ShmemHugePages:        0 kB
ShmemPmdMapped:        0 kB
HugePages_Total:       0
HugePages_Free:        0
HugePages_Rsvd:        0
HugePages_Surp:        0
Hugepagesize:       2048 kB
DirectMap4k:       65512 kB
DirectMap2M:     1992704 kB
DirectMap1G:           0 kB

container (cgroup) information:
container_type: cgroupv1
cpu_cpuset_cpus: 0-1
cpu_memory_nodes: 0
active_processor_count: 2
cpu_quota: -1
cpu_period: 100000
cpu_shares: -1
memory_limit_in_bytes: -1
memory_and_swap_limit_in_bytes: -1
memory_soft_limit_in_bytes: -1
memory_usage_in_bytes: 191197184
memory_max_usage_in_bytes: 0


CPU:total 2 (initial active 2) (2 cores per cpu, 2 threads per core) family 6 model 85 stepping 4, cmov, cx8, fxsr, mmx, sse, sse2, sse3, ssse3, sse4.1, sse4.2, popcnt, avx, avx2, aes, clmul, erms, rtm, 3dnowpref, lzcnt, ht, tsc, tscinvbit, bmi1, bmi2, adx

/proc/cpuinfo:
processor	: 0
vendor_id	: GenuineIntel
cpu family	: 6
model		: 85
model name	: Intel(R) Xeon(R) Platinum 8175M CPU @ 2.50GHz
stepping	: 4
microcode	: 0x200005a
cpu MHz		: 2500.000
cache size	: 33792 KB
physical id	: 0
siblings	: 2
core id		: 0
cpu cores	: 1
apicid		: 0
initial apicid	: 0
fpu		: yes
fpu_exception	: yes
cpuid level	: 13
wp		: yes
flags		: fpu vme de pse tsc msr pae mce cx8 apic sep mtrr pge mca cmov pat pse36 clflush mmx fxsr sse sse2 ss ht syscall nx pdpe1gb rdtscp lm constant_tsc rep_good nopl xtopology nonstop_tsc cpuid tsc_known_freq pni pclmulqdq ssse3 fma cx16 pcid sse4_1 sse4_2 x2apic movbe popcnt tsc_deadline_timer aes xsave avx f16c rdrand hypervisor lahf_lm abm 3dnowprefetch invpcid_single pti fsgsbase tsc_adjust bmi1 hle avx2 smep bmi2 erms invpcid rtm mpx avx512f avx512dq rdseed adx smap clflushopt clwb avx512cd avx512bw avx512vl xsaveopt xsavec xgetbv1 xsaves ida arat pku ospke
bugs		: cpu_meltdown spectre_v1 spectre_v2 spec_store_bypass l1tf
bogomips	: 5000.00
clflush size	: 64
cache_alignment	: 64
address sizes	: 46 bits physical, 48 bits virtual
power management:

processor	: 1
vendor_id	: GenuineIntel
cpu family	: 6
model		: 85
model name	: Intel(R) Xeon(R) Platinum 8175M CPU @ 2.50GHz
stepping	: 4
microcode	: 0x200005a
cpu MHz		: 2500.000
cache size	: 33792 KB
physical id	: 0
siblings	: 2
core id		: 0
cpu cores	: 1
apicid		: 1
initial apicid	: 1
fpu		: yes
fpu_exception	: yes
cpuid level	: 13
wp		: yes
flags		: fpu vme de pse tsc msr pae mce cx8 apic sep mtrr pge mca cmov pat pse36 clflush mmx fxsr sse sse2 ss ht syscall nx pdpe1gb rdtscp lm constant_tsc rep_good nopl xtopology nonstop_tsc cpuid tsc_known_freq pni pclmulqdq ssse3 fma cx16 pcid sse4_1 sse4_2 x2apic movbe popcnt tsc_deadline_timer aes xsave avx f16c rdrand hypervisor lahf_lm abm 3dnowprefetch invpcid_single pti fsgsbase tsc_adjust bmi1 hle avx2 smep bmi2 erms invpcid rtm mpx avx512f avx512dq rdseed adx smap clflushopt clwb avx512cd avx512bw avx512vl xsaveopt xsavec xgetbv1 xsaves ida arat pku ospke
bugs		: cpu_meltdown spectre_v1 spectre_v2 spec_store_bypass l1tf
bogomips	: 5000.00
clflush size	: 64
cache_alignment	: 64
address sizes	: 46 bits physical, 48 bits virtual
power management:



Memory: 4k page, physical 2002320k(1723284k free), swap 0k(0k free)

vm_info: OpenJDK 64-Bit Server VM (25.201-b09) for linux-amd64 JRE (1.8.0_201-b09), built on Mar 19 2019 17:20:16 by "mockbuild" with gcc 7.3.1 20180303 (Red Hat 7.3.1-5)

time: Tue Apr  2 05:25:18 2019
timezone: UTC
elapsed time: 0 seconds (0d 0h 0m 0s)

