#
# There is insufficient memory for the Java Runtime Environment to continue.
# Native memory allocation (mmap) failed to map 2147483648 bytes for committing reserved memory.
# Possible reasons:
#   The system is out of physical RAM or swap space
#   The process is running with CompressedOops enabled, and the Java Heap may be blocking the growth of the native heap
# Possible solutions:
#   Reduce memory load on the system
#   Increase physical memory or swap space
#   Check if swap backing store is full
#   Decrease Java heap size (-Xmx/-Xms)
#   Decrease number of Java threads
#   Decrease Java thread stack sizes (-Xss)
#   Set larger code cache with -XX:ReservedCodeCacheSize=
# This output file may be truncated or incomplete.
#
#  Out of Memory Error (os_linux.cpp:2766), pid=5564, tid=0x00007fba7354d700
#
# JRE version:  (8.0_201-b09) (build )
# Java VM: OpenJDK 64-Bit Server VM (25.201-b09 mixed mode linux-amd64 compressed oops)
# Failed to write core dump. Core dumps have been disabled. To enable core dumping, try "ulimit -c unlimited" before starting Java again
#

---------------  T H R E A D  ---------------

Current thread (0x00007fba6c04c800):  JavaThread "Unknown thread" [_thread_in_vm, id=5565, stack(0x00007fba7344e000,0x00007fba7354e000)]

Stack: [0x00007fba7344e000,0x00007fba7354e000],  sp=0x00007fba7354c5a0,  free space=1017k
Native frames: (J=compiled Java code, j=interpreted, Vv=VM code, C=native code)
V  [libjvm.so+0xb81712]
V  [libjvm.so+0x50d427]
V  [libjvm.so+0x9411f0]
V  [libjvm.so+0x9382fe]
V  [libjvm.so+0x9be5d6]
V  [libjvm.so+0x9adc8c]
V  [libjvm.so+0x2e1b5e]
V  [libjvm.so+0x969831]
V  [libjvm.so+0xb437da]
V  [libjvm.so+0xb43af5]
V  [libjvm.so+0x66008f]
V  [libjvm.so+0xb26b43]
V  [libjvm.so+0x6f4a91]  JNI_CreateJavaVM+0x61
C  [libjli.so+0x2dc3]
C  [libpthread.so.0+0x754b]  start_thread+0xdb


---------------  P R O C E S S  ---------------

Java Threads: ( => current thread )

Other Threads:

=>0x00007fba6c04c800 (exited) JavaThread "Unknown thread" [_thread_in_vm, id=5565, stack(0x00007fba7344e000,0x00007fba7354e000)]

VM state:not at safepoint (not fully initialized)

VM Mutex/Monitor currently owned by a thread: None

heap address: 0x0000000700000000, size: 3072 MB, Compressed Oops mode: Non-zero based:0x00000006fffff000, Oop shift amount: 3
Narrow klass base: 0x0000000000000000, Narrow klass shift: 0

GC Heap History (0 events):
No events

Deoptimization events (0 events):
No events

Classes redefined (0 events):
No events

Internal exceptions (0 events):
No events

Events (0 events):
No events


Dynamic libraries:
00400000-00401000 r-xp 00000000 103:01 1185027                           /usr/lib/jvm/java-1.8.0-openjdk-1.8.0.201.b09-0.amzn2.x86_64/jre/bin/java
00600000-00601000 r--p 00000000 103:01 1185027                           /usr/lib/jvm/java-1.8.0-openjdk-1.8.0.201.b09-0.amzn2.x86_64/jre/bin/java
00601000-00602000 rw-p 00001000 103:01 1185027                           /usr/lib/jvm/java-1.8.0-openjdk-1.8.0.201.b09-0.amzn2.x86_64/jre/bin/java
01c8f000-01cb0000 rw-p 00000000 00:00 0                                  [heap]
780000000-7c0000000 rw-p 00000000 00:00 0 
7fba5c63f000-7fba5ca3f000 ---p 00000000 00:00 0 
7fba5ca3f000-7fba5cc4a000 rw-p 00000000 00:00 0 
7fba5cc4a000-7fba5d000000 ---p 00000000 00:00 0 
7fba5d000000-7fba5d270000 rwxp 00000000 00:00 0 
7fba5d270000-7fba6c000000 ---p 00000000 00:00 0 
7fba6c000000-7fba6c073000 rw-p 00000000 00:00 0 
7fba6c073000-7fba70000000 ---p 00000000 00:00 0 
7fba70169000-7fba70171000 r-xp 00000000 103:01 4472550                   /usr/lib/jvm/java-1.8.0-openjdk-1.8.0.201.b09-0.amzn2.x86_64/jre/lib/amd64/libzip.so
7fba70171000-7fba70370000 ---p 00008000 103:01 4472550                   /usr/lib/jvm/java-1.8.0-openjdk-1.8.0.201.b09-0.amzn2.x86_64/jre/lib/amd64/libzip.so
7fba70370000-7fba70371000 r--p 00007000 103:01 4472550                   /usr/lib/jvm/java-1.8.0-openjdk-1.8.0.201.b09-0.amzn2.x86_64/jre/lib/amd64/libzip.so
7fba70371000-7fba70372000 rw-p 00008000 103:01 4472550                   /usr/lib/jvm/java-1.8.0-openjdk-1.8.0.201.b09-0.amzn2.x86_64/jre/lib/amd64/libzip.so
7fba70372000-7fba7037d000 r-xp 00000000 103:01 439307                    /usr/lib64/libnss_files-2.26.so
7fba7037d000-7fba7057c000 ---p 0000b000 103:01 439307                    /usr/lib64/libnss_files-2.26.so
7fba7057c000-7fba7057d000 r--p 0000a000 103:01 439307                    /usr/lib64/libnss_files-2.26.so
7fba7057d000-7fba7057e000 rw-p 0000b000 103:01 439307                    /usr/lib64/libnss_files-2.26.so
7fba7057e000-7fba70584000 rw-p 00000000 00:00 0 
7fba70584000-7fba7058c000 r-xp 00000000 103:01 872466                    /usr/lib64/libnss_sss.so.2
7fba7058c000-7fba7078b000 ---p 00008000 103:01 872466                    /usr/lib64/libnss_sss.so.2
7fba7078b000-7fba7078c000 r--p 00007000 103:01 872466                    /usr/lib64/libnss_sss.so.2
7fba7078c000-7fba7078d000 rw-p 00008000 103:01 872466                    /usr/lib64/libnss_sss.so.2
7fba7078d000-7fba707b7000 r-xp 00000000 103:01 4472532                   /usr/lib/jvm/java-1.8.0-openjdk-1.8.0.201.b09-0.amzn2.x86_64/jre/lib/amd64/libjava.so
7fba707b7000-7fba709b7000 ---p 0002a000 103:01 4472532                   /usr/lib/jvm/java-1.8.0-openjdk-1.8.0.201.b09-0.amzn2.x86_64/jre/lib/amd64/libjava.so
7fba709b7000-7fba709b8000 r--p 0002a000 103:01 4472532                   /usr/lib/jvm/java-1.8.0-openjdk-1.8.0.201.b09-0.amzn2.x86_64/jre/lib/amd64/libjava.so
7fba709b8000-7fba709ba000 rw-p 0002b000 103:01 4472532                   /usr/lib/jvm/java-1.8.0-openjdk-1.8.0.201.b09-0.amzn2.x86_64/jre/lib/amd64/libjava.so
7fba709ba000-7fba709c7000 r-xp 00000000 103:01 4472549                   /usr/lib/jvm/java-1.8.0-openjdk-1.8.0.201.b09-0.amzn2.x86_64/jre/lib/amd64/libverify.so
7fba709c7000-7fba70bc6000 ---p 0000d000 103:01 4472549                   /usr/lib/jvm/java-1.8.0-openjdk-1.8.0.201.b09-0.amzn2.x86_64/jre/lib/amd64/libverify.so
7fba70bc6000-7fba70bc8000 r--p 0000c000 103:01 4472549                   /usr/lib/jvm/java-1.8.0-openjdk-1.8.0.201.b09-0.amzn2.x86_64/jre/lib/amd64/libverify.so
7fba70bc8000-7fba70bc9000 rw-p 0000e000 103:01 4472549                   /usr/lib/jvm/java-1.8.0-openjdk-1.8.0.201.b09-0.amzn2.x86_64/jre/lib/amd64/libverify.so
7fba70bc9000-7fba70bd0000 r-xp 00000000 103:01 439313                    /usr/lib64/librt-2.26.so
7fba70bd0000-7fba70dcf000 ---p 00007000 103:01 439313                    /usr/lib64/librt-2.26.so
7fba70dcf000-7fba70dd0000 r--p 00006000 103:01 439313                    /usr/lib64/librt-2.26.so
7fba70dd0000-7fba70dd1000 rw-p 00007000 103:01 439313                    /usr/lib64/librt-2.26.so
7fba70dd1000-7fba70de7000 r-xp 00000000 103:01 439116                    /usr/lib64/libgcc_s-7-20180303.so.1
7fba70de7000-7fba70fe6000 ---p 00016000 103:01 439116                    /usr/lib64/libgcc_s-7-20180303.so.1
7fba70fe6000-7fba70fe7000 r--p 00015000 103:01 439116                    /usr/lib64/libgcc_s-7-20180303.so.1
7fba70fe7000-7fba70fe8000 rw-p 00016000 103:01 439116                    /usr/lib64/libgcc_s-7-20180303.so.1
7fba70fe8000-7fba71132000 r-xp 00000000 103:01 439297                    /usr/lib64/libm-2.26.so
7fba71132000-7fba71331000 ---p 0014a000 103:01 439297                    /usr/lib64/libm-2.26.so
7fba71331000-7fba71332000 r--p 00149000 103:01 439297                    /usr/lib64/libm-2.26.so
7fba71332000-7fba71333000 rw-p 0014a000 103:01 439297                    /usr/lib64/libm-2.26.so
7fba71333000-7fba714ab000 r-xp 00000000 103:01 439351                    /usr/lib64/libstdc++.so.6.0.24
7fba714ab000-7fba716ab000 ---p 00178000 103:01 439351                    /usr/lib64/libstdc++.so.6.0.24
7fba716ab000-7fba716b5000 r--p 00178000 103:01 439351                    /usr/lib64/libstdc++.so.6.0.24
7fba716b5000-7fba716b7000 rw-p 00182000 103:01 439351                    /usr/lib64/libstdc++.so.6.0.24
7fba716b7000-7fba716bb000 rw-p 00000000 00:00 0 
7fba716bb000-7fba7243e000 r-xp 00000000 103:01 1185040                   /usr/lib/jvm/java-1.8.0-openjdk-1.8.0.201.b09-0.amzn2.x86_64/jre/lib/amd64/server/libjvm.so
7fba7243e000-7fba7263d000 ---p 00d83000 103:01 1185040                   /usr/lib/jvm/java-1.8.0-openjdk-1.8.0.201.b09-0.amzn2.x86_64/jre/lib/amd64/server/libjvm.so
7fba7263d000-7fba726df000 r--p 00d82000 103:01 1185040                   /usr/lib/jvm/java-1.8.0-openjdk-1.8.0.201.b09-0.amzn2.x86_64/jre/lib/amd64/server/libjvm.so
7fba726df000-7fba72709000 rw-p 00e24000 103:01 1185040                   /usr/lib/jvm/java-1.8.0-openjdk-1.8.0.201.b09-0.amzn2.x86_64/jre/lib/amd64/server/libjvm.so
7fba72709000-7fba72739000 rw-p 00000000 00:00 0 
7fba72739000-7fba728e6000 r-xp 00000000 103:01 439131                    /usr/lib64/libc-2.26.so
7fba728e6000-7fba72ae5000 ---p 001ad000 103:01 439131                    /usr/lib64/libc-2.26.so
7fba72ae5000-7fba72ae9000 r--p 001ac000 103:01 439131                    /usr/lib64/libc-2.26.so
7fba72ae9000-7fba72aeb000 rw-p 001b0000 103:01 439131                    /usr/lib64/libc-2.26.so
7fba72aeb000-7fba72aef000 rw-p 00000000 00:00 0 
7fba72aef000-7fba72af2000 r-xp 00000000 103:01 439135                    /usr/lib64/libdl-2.26.so
7fba72af2000-7fba72cf1000 ---p 00003000 103:01 439135                    /usr/lib64/libdl-2.26.so
7fba72cf1000-7fba72cf2000 r--p 00002000 103:01 439135                    /usr/lib64/libdl-2.26.so
7fba72cf2000-7fba72cf3000 rw-p 00003000 103:01 439135                    /usr/lib64/libdl-2.26.so
7fba72cf3000-7fba72d01000 r-xp 00000000 103:01 13077248                  /usr/lib/jvm/java-1.8.0-openjdk-1.8.0.201.b09-0.amzn2.x86_64/jre/lib/amd64/jli/libjli.so
7fba72d01000-7fba72f00000 ---p 0000e000 103:01 13077248                  /usr/lib/jvm/java-1.8.0-openjdk-1.8.0.201.b09-0.amzn2.x86_64/jre/lib/amd64/jli/libjli.so
7fba72f00000-7fba72f01000 r--p 0000d000 103:01 13077248                  /usr/lib/jvm/java-1.8.0-openjdk-1.8.0.201.b09-0.amzn2.x86_64/jre/lib/amd64/jli/libjli.so
7fba72f01000-7fba72f02000 rw-p 0000e000 103:01 13077248                  /usr/lib/jvm/java-1.8.0-openjdk-1.8.0.201.b09-0.amzn2.x86_64/jre/lib/amd64/jli/libjli.so
7fba72f02000-7fba72f16000 r-xp 00000000 103:01 439500                    /usr/lib64/libz.so.1.2.7
7fba72f16000-7fba73116000 ---p 00014000 103:01 439500                    /usr/lib64/libz.so.1.2.7
7fba73116000-7fba73117000 r--p 00014000 103:01 439500                    /usr/lib64/libz.so.1.2.7
7fba73117000-7fba73118000 rw-p 00015000 103:01 439500                    /usr/lib64/libz.so.1.2.7
7fba73118000-7fba73131000 r-xp 00000000 103:01 439309                    /usr/lib64/libpthread-2.26.so
7fba73131000-7fba73330000 ---p 00019000 103:01 439309                    /usr/lib64/libpthread-2.26.so
7fba73330000-7fba73331000 r--p 00018000 103:01 439309                    /usr/lib64/libpthread-2.26.so
7fba73331000-7fba73332000 rw-p 00019000 103:01 439309                    /usr/lib64/libpthread-2.26.so
7fba73332000-7fba73336000 rw-p 00000000 00:00 0 
7fba73336000-7fba7335b000 r-xp 00000000 103:01 439124                    /usr/lib64/ld-2.26.so
7fba73404000-7fba73445000 rw-p 00000000 00:00 0 
7fba73445000-7fba7344d000 rw-s 00000000 103:01 12859632                  /tmp/hsperfdata_minecraft/5564
7fba7344d000-7fba7344e000 ---p 00000000 00:00 0 
7fba7344e000-7fba73451000 ---p 00000000 00:00 0 
7fba73451000-7fba73550000 rw-p 00000000 00:00 0 
7fba73556000-7fba73557000 rw-p 00000000 00:00 0 
7fba73557000-7fba73558000 r--p 00000000 00:00 0 
7fba73558000-7fba7355a000 rw-p 00000000 00:00 0 
7fba7355a000-7fba7355b000 r--p 00024000 103:01 439124                    /usr/lib64/ld-2.26.so
7fba7355b000-7fba7355c000 rw-p 00025000 103:01 439124                    /usr/lib64/ld-2.26.so
7fba7355c000-7fba7355d000 rw-p 00000000 00:00 0 
7ffc0dbd0000-7ffc0dbf1000 rw-p 00000000 00:00 0                          [stack]
7ffc0dbf3000-7ffc0dbf6000 r--p 00000000 00:00 0                          [vvar]
7ffc0dbf6000-7ffc0dbf8000 r-xp 00000000 00:00 0                          [vdso]
ffffffffff600000-ffffffffff601000 r-xp 00000000 00:00 0                  [vsyscall]

VM Arguments:
jvm_args: -Xms3g -Xmx3g 
java_command: server.jar nogui
java_class_path (initial): server.jar
Launcher Type: SUN_STANDARD

Environment Variables:
PATH=/usr/local/sbin:/usr/local/bin:/usr/sbin:/usr/bin
SHELL=/bin/bash

Signal Handlers:
SIGSEGV: [libjvm.so+0xb82060], sa_mask[0]=11111111011111111101111111111110, sa_flags=SA_RESTART|SA_SIGINFO
SIGBUS: [libjvm.so+0xb82060], sa_mask[0]=11111111011111111101111111111110, sa_flags=SA_RESTART|SA_SIGINFO
SIGFPE: [libjvm.so+0x93c3a0], sa_mask[0]=11111111011111111101111111111110, sa_flags=SA_RESTART|SA_SIGINFO
SIGPIPE: [libjvm.so+0x93c3a0], sa_mask[0]=11111111011111111101111111111110, sa_flags=SA_RESTART|SA_SIGINFO
SIGXFSZ: [libjvm.so+0x93c3a0], sa_mask[0]=11111111011111111101111111111110, sa_flags=SA_RESTART|SA_SIGINFO
SIGILL: [libjvm.so+0x93c3a0], sa_mask[0]=11111111011111111101111111111110, sa_flags=SA_RESTART|SA_SIGINFO
SIGUSR1: SIG_DFL, sa_mask[0]=00000000000000000000000000000000, sa_flags=none
SIGUSR2: [libjvm.so+0x93c250], sa_mask[0]=00000000000000000000000000000000, sa_flags=SA_RESTART|SA_SIGINFO
SIGHUP: SIG_DFL, sa_mask[0]=00000000000000000000000000000000, sa_flags=none
SIGINT: SIG_DFL, sa_mask[0]=00000000000000000000000000000000, sa_flags=none
SIGTERM: SIG_DFL, sa_mask[0]=00000000000000000000000000000000, sa_flags=none
SIGQUIT: SIG_DFL, sa_mask[0]=00000000000000000000000000000000, sa_flags=none


---------------  S Y S T E M  ---------------

OS:Amazon Linux release 2 (Karoo)

uname:Linux 4.14.106-97.85.amzn2.x86_64 #1 SMP Fri Mar 15 17:07:54 UTC 2019 x86_64
libc:glibc 2.26 NPTL 2.26 
rlimit: STACK 8192k, CORE 0k, NPROC 7681, NOFILE 4096, AS infinity
load average:0.04 0.01 0.00

/proc/meminfo:
MemTotal:        2002320 kB
MemFree:         1720720 kB
MemAvailable:    1769520 kB
Buffers:            2088 kB
Cached:           161796 kB
SwapCached:            0 kB
Active:           116732 kB
Inactive:          72100 kB
Active(anon):      25044 kB
Inactive(anon):      204 kB
Active(file):      91688 kB
Inactive(file):    71896 kB
Unevictable:           0 kB
Mlocked:               0 kB
SwapTotal:             0 kB
SwapFree:              0 kB
Dirty:               168 kB
Writeback:             0 kB
AnonPages:         25000 kB
Mapped:            52244 kB
Shmem:               300 kB
Slab:              46048 kB
SReclaimable:      33340 kB
SUnreclaim:        12708 kB
KernelStack:        1592 kB
PageTables:         3364 kB
NFS_Unstable:          0 kB
Bounce:                0 kB
WritebackTmp:          0 kB
CommitLimit:     1001160 kB
Committed_AS:    1236980 kB
VmallocTotal:   34359738367 kB
VmallocUsed:           0 kB
VmallocChunk:          0 kB
AnonHugePages:         0 kB
ShmemHugePages:        0 kB
ShmemPmdMapped:        0 kB
HugePages_Total:       0
HugePages_Free:        0
HugePages_Rsvd:        0
HugePages_Surp:        0
Hugepagesize:       2048 kB
DirectMap4k:       65512 kB
DirectMap2M:     1992704 kB
DirectMap1G:           0 kB

container (cgroup) information:
container_type: cgroupv1
cpu_cpuset_cpus: 0-1
cpu_memory_nodes: 0
active_processor_count: 2
cpu_quota: -1
cpu_period: 100000
cpu_shares: -1
memory_limit_in_bytes: -1
memory_and_swap_limit_in_bytes: -1
memory_soft_limit_in_bytes: -1
memory_usage_in_bytes: 193503232
memory_max_usage_in_bytes: 0


CPU:total 2 (initial active 2) (2 cores per cpu, 2 threads per core) family 6 model 85 stepping 4, cmov, cx8, fxsr, mmx, sse, sse2, sse3, ssse3, sse4.1, sse4.2, popcnt, avx, avx2, aes, clmul, erms, rtm, 3dnowpref, lzcnt, ht, tsc, tscinvbit, bmi1, bmi2, adx

/proc/cpuinfo:
processor	: 0
vendor_id	: GenuineIntel
cpu family	: 6
model		: 85
model name	: Intel(R) Xeon(R) Platinum 8175M CPU @ 2.50GHz
stepping	: 4
microcode	: 0x200005a
cpu MHz		: 2500.000
cache size	: 33792 KB
physical id	: 0
siblings	: 2
core id		: 0
cpu cores	: 1
apicid		: 0
initial apicid	: 0
fpu		: yes
fpu_exception	: yes
cpuid level	: 13
wp		: yes
flags		: fpu vme de pse tsc msr pae mce cx8 apic sep mtrr pge mca cmov pat pse36 clflush mmx fxsr sse sse2 ss ht syscall nx pdpe1gb rdtscp lm constant_tsc rep_good nopl xtopology nonstop_tsc cpuid tsc_known_freq pni pclmulqdq ssse3 fma cx16 pcid sse4_1 sse4_2 x2apic movbe popcnt tsc_deadline_timer aes xsave avx f16c rdrand hypervisor lahf_lm abm 3dnowprefetch invpcid_single pti fsgsbase tsc_adjust bmi1 hle avx2 smep bmi2 erms invpcid rtm mpx avx512f avx512dq rdseed adx smap clflushopt clwb avx512cd avx512bw avx512vl xsaveopt xsavec xgetbv1 xsaves ida arat pku ospke
bugs		: cpu_meltdown spectre_v1 spectre_v2 spec_store_bypass l1tf
bogomips	: 5000.00
clflush size	: 64
cache_alignment	: 64
address sizes	: 46 bits physical, 48 bits virtual
power management:

processor	: 1
vendor_id	: GenuineIntel
cpu family	: 6
model		: 85
model name	: Intel(R) Xeon(R) Platinum 8175M CPU @ 2.50GHz
stepping	: 4
microcode	: 0x200005a
cpu MHz		: 2500.000
cache size	: 33792 KB
physical id	: 0
siblings	: 2
core id		: 0
cpu cores	: 1
apicid		: 1
initial apicid	: 1
fpu		: yes
fpu_exception	: yes
cpuid level	: 13
wp		: yes
flags		: fpu vme de pse tsc msr pae mce cx8 apic sep mtrr pge mca cmov pat pse36 clflush mmx fxsr sse sse2 ss ht syscall nx pdpe1gb rdtscp lm constant_tsc rep_good nopl xtopology nonstop_tsc cpuid tsc_known_freq pni pclmulqdq ssse3 fma cx16 pcid sse4_1 sse4_2 x2apic movbe popcnt tsc_deadline_timer aes xsave avx f16c rdrand hypervisor lahf_lm abm 3dnowprefetch invpcid_single pti fsgsbase tsc_adjust bmi1 hle avx2 smep bmi2 erms invpcid rtm mpx avx512f avx512dq rdseed adx smap clflushopt clwb avx512cd avx512bw avx512vl xsaveopt xsavec xgetbv1 xsaves ida arat pku ospke
bugs		: cpu_meltdown spectre_v1 spectre_v2 spec_store_bypass l1tf
bogomips	: 5000.00
clflush size	: 64
cache_alignment	: 64
address sizes	: 46 bits physical, 48 bits virtual
power management:



Memory: 4k page, physical 2002320k(1720720k free), swap 0k(0k free)

vm_info: OpenJDK 64-Bit Server VM (25.201-b09) for linux-amd64 JRE (1.8.0_201-b09), built on Mar 19 2019 17:20:16 by "mockbuild" with gcc 7.3.1 20180303 (Red Hat 7.3.1-5)

time: Tue Apr  2 06:38:36 2019
timezone: UTC
elapsed time: 0 seconds (0d 0h 0m 0s)

