#
# There is insufficient memory for the Java Runtime Environment to continue.
# Native memory allocation (mmap) failed to map 2147483648 bytes for committing reserved memory.
# Possible reasons:
#   The system is out of physical RAM or swap space
#   The process is running with CompressedOops enabled, and the Java Heap may be blocking the growth of the native heap
# Possible solutions:
#   Reduce memory load on the system
#   Increase physical memory or swap space
#   Check if swap backing store is full
#   Decrease Java heap size (-Xmx/-Xms)
#   Decrease number of Java threads
#   Decrease Java thread stack sizes (-Xss)
#   Set larger code cache with -XX:ReservedCodeCacheSize=
# This output file may be truncated or incomplete.
#
#  Out of Memory Error (os_linux.cpp:2766), pid=4731, tid=0x00007f853a30d700
#
# JRE version:  (8.0_201-b09) (build )
# Java VM: OpenJDK 64-Bit Server VM (25.201-b09 mixed mode linux-amd64 compressed oops)
# Failed to write core dump. Core dumps have been disabled. To enable core dumping, try "ulimit -c unlimited" before starting Java again
#

---------------  T H R E A D  ---------------

Current thread (0x00007f853004c800):  JavaThread "Unknown thread" [_thread_in_vm, id=4732, stack(0x00007f853a20e000,0x00007f853a30e000)]

Stack: [0x00007f853a20e000,0x00007f853a30e000],  sp=0x00007f853a30c5a0,  free space=1017k
Native frames: (J=compiled Java code, j=interpreted, Vv=VM code, C=native code)
V  [libjvm.so+0xb81712]
V  [libjvm.so+0x50d427]
V  [libjvm.so+0x9411f0]
V  [libjvm.so+0x9382fe]
V  [libjvm.so+0x9be5d6]
V  [libjvm.so+0x9adc8c]
V  [libjvm.so+0x2e1b5e]
V  [libjvm.so+0x969831]
V  [libjvm.so+0xb437da]
V  [libjvm.so+0xb43af5]
V  [libjvm.so+0x66008f]
V  [libjvm.so+0xb26b43]
V  [libjvm.so+0x6f4a91]  JNI_CreateJavaVM+0x61
C  [libjli.so+0x2dc3]
C  [libpthread.so.0+0x754b]  start_thread+0xdb


---------------  P R O C E S S  ---------------

Java Threads: ( => current thread )

Other Threads:

=>0x00007f853004c800 (exited) JavaThread "Unknown thread" [_thread_in_vm, id=4732, stack(0x00007f853a20e000,0x00007f853a30e000)]

VM state:not at safepoint (not fully initialized)

VM Mutex/Monitor currently owned by a thread: None

heap address: 0x0000000700000000, size: 3072 MB, Compressed Oops mode: Non-zero based:0x00000006fffff000, Oop shift amount: 3
Narrow klass base: 0x0000000000000000, Narrow klass shift: 0

GC Heap History (0 events):
No events

Deoptimization events (0 events):
No events

Classes redefined (0 events):
No events

Internal exceptions (0 events):
No events

Events (0 events):
No events


Dynamic libraries:
00400000-00401000 r-xp 00000000 103:01 1185027                           /usr/lib/jvm/java-1.8.0-openjdk-1.8.0.201.b09-0.amzn2.x86_64/jre/bin/java
00600000-00601000 r--p 00000000 103:01 1185027                           /usr/lib/jvm/java-1.8.0-openjdk-1.8.0.201.b09-0.amzn2.x86_64/jre/bin/java
00601000-00602000 rw-p 00001000 103:01 1185027                           /usr/lib/jvm/java-1.8.0-openjdk-1.8.0.201.b09-0.amzn2.x86_64/jre/bin/java
024c8000-024e9000 rw-p 00000000 00:00 0                                  [heap]
780000000-7c0000000 rw-p 00000000 00:00 0 
7f8521000000-7f8521270000 rwxp 00000000 00:00 0 
7f8521270000-7f8530000000 ---p 00000000 00:00 0 
7f8530000000-7f8530073000 rw-p 00000000 00:00 0 
7f8530073000-7f8534000000 ---p 00000000 00:00 0 
7f8536568000-7f8536968000 ---p 00000000 00:00 0 
7f8536968000-7f8536b73000 rw-p 00000000 00:00 0 
7f8536b73000-7f8536f29000 ---p 00000000 00:00 0 
7f8536f29000-7f8536f31000 r-xp 00000000 103:01 4472550                   /usr/lib/jvm/java-1.8.0-openjdk-1.8.0.201.b09-0.amzn2.x86_64/jre/lib/amd64/libzip.so
7f8536f31000-7f8537130000 ---p 00008000 103:01 4472550                   /usr/lib/jvm/java-1.8.0-openjdk-1.8.0.201.b09-0.amzn2.x86_64/jre/lib/amd64/libzip.so
7f8537130000-7f8537131000 r--p 00007000 103:01 4472550                   /usr/lib/jvm/java-1.8.0-openjdk-1.8.0.201.b09-0.amzn2.x86_64/jre/lib/amd64/libzip.so
7f8537131000-7f8537132000 rw-p 00008000 103:01 4472550                   /usr/lib/jvm/java-1.8.0-openjdk-1.8.0.201.b09-0.amzn2.x86_64/jre/lib/amd64/libzip.so
7f8537132000-7f853713d000 r-xp 00000000 103:01 439307                    /usr/lib64/libnss_files-2.26.so
7f853713d000-7f853733c000 ---p 0000b000 103:01 439307                    /usr/lib64/libnss_files-2.26.so
7f853733c000-7f853733d000 r--p 0000a000 103:01 439307                    /usr/lib64/libnss_files-2.26.so
7f853733d000-7f853733e000 rw-p 0000b000 103:01 439307                    /usr/lib64/libnss_files-2.26.so
7f853733e000-7f8537344000 rw-p 00000000 00:00 0 
7f8537344000-7f853734c000 r-xp 00000000 103:01 872466                    /usr/lib64/libnss_sss.so.2
7f853734c000-7f853754b000 ---p 00008000 103:01 872466                    /usr/lib64/libnss_sss.so.2
7f853754b000-7f853754c000 r--p 00007000 103:01 872466                    /usr/lib64/libnss_sss.so.2
7f853754c000-7f853754d000 rw-p 00008000 103:01 872466                    /usr/lib64/libnss_sss.so.2
7f853754d000-7f8537577000 r-xp 00000000 103:01 4472532                   /usr/lib/jvm/java-1.8.0-openjdk-1.8.0.201.b09-0.amzn2.x86_64/jre/lib/amd64/libjava.so
7f8537577000-7f8537777000 ---p 0002a000 103:01 4472532                   /usr/lib/jvm/java-1.8.0-openjdk-1.8.0.201.b09-0.amzn2.x86_64/jre/lib/amd64/libjava.so
7f8537777000-7f8537778000 r--p 0002a000 103:01 4472532                   /usr/lib/jvm/java-1.8.0-openjdk-1.8.0.201.b09-0.amzn2.x86_64/jre/lib/amd64/libjava.so
7f8537778000-7f853777a000 rw-p 0002b000 103:01 4472532                   /usr/lib/jvm/java-1.8.0-openjdk-1.8.0.201.b09-0.amzn2.x86_64/jre/lib/amd64/libjava.so
7f853777a000-7f8537787000 r-xp 00000000 103:01 4472549                   /usr/lib/jvm/java-1.8.0-openjdk-1.8.0.201.b09-0.amzn2.x86_64/jre/lib/amd64/libverify.so
7f8537787000-7f8537986000 ---p 0000d000 103:01 4472549                   /usr/lib/jvm/java-1.8.0-openjdk-1.8.0.201.b09-0.amzn2.x86_64/jre/lib/amd64/libverify.so
7f8537986000-7f8537988000 r--p 0000c000 103:01 4472549                   /usr/lib/jvm/java-1.8.0-openjdk-1.8.0.201.b09-0.amzn2.x86_64/jre/lib/amd64/libverify.so
7f8537988000-7f8537989000 rw-p 0000e000 103:01 4472549                   /usr/lib/jvm/java-1.8.0-openjdk-1.8.0.201.b09-0.amzn2.x86_64/jre/lib/amd64/libverify.so
7f8537989000-7f8537990000 r-xp 00000000 103:01 439313                    /usr/lib64/librt-2.26.so
7f8537990000-7f8537b8f000 ---p 00007000 103:01 439313                    /usr/lib64/librt-2.26.so
7f8537b8f000-7f8537b90000 r--p 00006000 103:01 439313                    /usr/lib64/librt-2.26.so
7f8537b90000-7f8537b91000 rw-p 00007000 103:01 439313                    /usr/lib64/librt-2.26.so
7f8537b91000-7f8537ba7000 r-xp 00000000 103:01 439116                    /usr/lib64/libgcc_s-7-20180303.so.1
7f8537ba7000-7f8537da6000 ---p 00016000 103:01 439116                    /usr/lib64/libgcc_s-7-20180303.so.1
7f8537da6000-7f8537da7000 r--p 00015000 103:01 439116                    /usr/lib64/libgcc_s-7-20180303.so.1
7f8537da7000-7f8537da8000 rw-p 00016000 103:01 439116                    /usr/lib64/libgcc_s-7-20180303.so.1
7f8537da8000-7f8537ef2000 r-xp 00000000 103:01 439297                    /usr/lib64/libm-2.26.so
7f8537ef2000-7f85380f1000 ---p 0014a000 103:01 439297                    /usr/lib64/libm-2.26.so
7f85380f1000-7f85380f2000 r--p 00149000 103:01 439297                    /usr/lib64/libm-2.26.so
7f85380f2000-7f85380f3000 rw-p 0014a000 103:01 439297                    /usr/lib64/libm-2.26.so
7f85380f3000-7f853826b000 r-xp 00000000 103:01 439351                    /usr/lib64/libstdc++.so.6.0.24
7f853826b000-7f853846b000 ---p 00178000 103:01 439351                    /usr/lib64/libstdc++.so.6.0.24
7f853846b000-7f8538475000 r--p 00178000 103:01 439351                    /usr/lib64/libstdc++.so.6.0.24
7f8538475000-7f8538477000 rw-p 00182000 103:01 439351                    /usr/lib64/libstdc++.so.6.0.24
7f8538477000-7f853847b000 rw-p 00000000 00:00 0 
7f853847b000-7f85391fe000 r-xp 00000000 103:01 1185040                   /usr/lib/jvm/java-1.8.0-openjdk-1.8.0.201.b09-0.amzn2.x86_64/jre/lib/amd64/server/libjvm.so
7f85391fe000-7f85393fd000 ---p 00d83000 103:01 1185040                   /usr/lib/jvm/java-1.8.0-openjdk-1.8.0.201.b09-0.amzn2.x86_64/jre/lib/amd64/server/libjvm.so
7f85393fd000-7f853949f000 r--p 00d82000 103:01 1185040                   /usr/lib/jvm/java-1.8.0-openjdk-1.8.0.201.b09-0.amzn2.x86_64/jre/lib/amd64/server/libjvm.so
7f853949f000-7f85394c9000 rw-p 00e24000 103:01 1185040                   /usr/lib/jvm/java-1.8.0-openjdk-1.8.0.201.b09-0.amzn2.x86_64/jre/lib/amd64/server/libjvm.so
7f85394c9000-7f85394f9000 rw-p 00000000 00:00 0 
7f85394f9000-7f85396a6000 r-xp 00000000 103:01 439131                    /usr/lib64/libc-2.26.so
7f85396a6000-7f85398a5000 ---p 001ad000 103:01 439131                    /usr/lib64/libc-2.26.so
7f85398a5000-7f85398a9000 r--p 001ac000 103:01 439131                    /usr/lib64/libc-2.26.so
7f85398a9000-7f85398ab000 rw-p 001b0000 103:01 439131                    /usr/lib64/libc-2.26.so
7f85398ab000-7f85398af000 rw-p 00000000 00:00 0 
7f85398af000-7f85398b2000 r-xp 00000000 103:01 439135                    /usr/lib64/libdl-2.26.so
7f85398b2000-7f8539ab1000 ---p 00003000 103:01 439135                    /usr/lib64/libdl-2.26.so
7f8539ab1000-7f8539ab2000 r--p 00002000 103:01 439135                    /usr/lib64/libdl-2.26.so
7f8539ab2000-7f8539ab3000 rw-p 00003000 103:01 439135                    /usr/lib64/libdl-2.26.so
7f8539ab3000-7f8539ac1000 r-xp 00000000 103:01 13077248                  /usr/lib/jvm/java-1.8.0-openjdk-1.8.0.201.b09-0.amzn2.x86_64/jre/lib/amd64/jli/libjli.so
7f8539ac1000-7f8539cc0000 ---p 0000e000 103:01 13077248                  /usr/lib/jvm/java-1.8.0-openjdk-1.8.0.201.b09-0.amzn2.x86_64/jre/lib/amd64/jli/libjli.so
7f8539cc0000-7f8539cc1000 r--p 0000d000 103:01 13077248                  /usr/lib/jvm/java-1.8.0-openjdk-1.8.0.201.b09-0.amzn2.x86_64/jre/lib/amd64/jli/libjli.so
7f8539cc1000-7f8539cc2000 rw-p 0000e000 103:01 13077248                  /usr/lib/jvm/java-1.8.0-openjdk-1.8.0.201.b09-0.amzn2.x86_64/jre/lib/amd64/jli/libjli.so
7f8539cc2000-7f8539cd6000 r-xp 00000000 103:01 439500                    /usr/lib64/libz.so.1.2.7
7f8539cd6000-7f8539ed6000 ---p 00014000 103:01 439500                    /usr/lib64/libz.so.1.2.7
7f8539ed6000-7f8539ed7000 r--p 00014000 103:01 439500                    /usr/lib64/libz.so.1.2.7
7f8539ed7000-7f8539ed8000 rw-p 00015000 103:01 439500                    /usr/lib64/libz.so.1.2.7
7f8539ed8000-7f8539ef1000 r-xp 00000000 103:01 439309                    /usr/lib64/libpthread-2.26.so
7f8539ef1000-7f853a0f0000 ---p 00019000 103:01 439309                    /usr/lib64/libpthread-2.26.so
7f853a0f0000-7f853a0f1000 r--p 00018000 103:01 439309                    /usr/lib64/libpthread-2.26.so
7f853a0f1000-7f853a0f2000 rw-p 00019000 103:01 439309                    /usr/lib64/libpthread-2.26.so
7f853a0f2000-7f853a0f6000 rw-p 00000000 00:00 0 
7f853a0f6000-7f853a11b000 r-xp 00000000 103:01 439124                    /usr/lib64/ld-2.26.so
7f853a1c4000-7f853a205000 rw-p 00000000 00:00 0 
7f853a205000-7f853a20d000 rw-s 00000000 103:01 12859632                  /tmp/hsperfdata_minecraft/4731
7f853a20d000-7f853a20e000 ---p 00000000 00:00 0 
7f853a20e000-7f853a211000 ---p 00000000 00:00 0 
7f853a211000-7f853a310000 rw-p 00000000 00:00 0 
7f853a316000-7f853a317000 rw-p 00000000 00:00 0 
7f853a317000-7f853a318000 r--p 00000000 00:00 0 
7f853a318000-7f853a31a000 rw-p 00000000 00:00 0 
7f853a31a000-7f853a31b000 r--p 00024000 103:01 439124                    /usr/lib64/ld-2.26.so
7f853a31b000-7f853a31c000 rw-p 00025000 103:01 439124                    /usr/lib64/ld-2.26.so
7f853a31c000-7f853a31d000 rw-p 00000000 00:00 0 
7ffd591f9000-7ffd5921a000 rw-p 00000000 00:00 0                          [stack]
7ffd592ac000-7ffd592af000 r--p 00000000 00:00 0                          [vvar]
7ffd592af000-7ffd592b1000 r-xp 00000000 00:00 0                          [vdso]
ffffffffff600000-ffffffffff601000 r-xp 00000000 00:00 0                  [vsyscall]

VM Arguments:
jvm_args: -Xms3g -Xmx3g 
java_command: server.jar nogui
java_class_path (initial): server.jar
Launcher Type: SUN_STANDARD

Environment Variables:
PATH=/usr/local/sbin:/usr/local/bin:/usr/sbin:/usr/bin
SHELL=/bin/bash

Signal Handlers:
SIGSEGV: [libjvm.so+0xb82060], sa_mask[0]=11111111011111111101111111111110, sa_flags=SA_RESTART|SA_SIGINFO
SIGBUS: [libjvm.so+0xb82060], sa_mask[0]=11111111011111111101111111111110, sa_flags=SA_RESTART|SA_SIGINFO
SIGFPE: [libjvm.so+0x93c3a0], sa_mask[0]=11111111011111111101111111111110, sa_flags=SA_RESTART|SA_SIGINFO
SIGPIPE: [libjvm.so+0x93c3a0], sa_mask[0]=11111111011111111101111111111110, sa_flags=SA_RESTART|SA_SIGINFO
SIGXFSZ: [libjvm.so+0x93c3a0], sa_mask[0]=11111111011111111101111111111110, sa_flags=SA_RESTART|SA_SIGINFO
SIGILL: [libjvm.so+0x93c3a0], sa_mask[0]=11111111011111111101111111111110, sa_flags=SA_RESTART|SA_SIGINFO
SIGUSR1: SIG_DFL, sa_mask[0]=00000000000000000000000000000000, sa_flags=none
SIGUSR2: [libjvm.so+0x93c250], sa_mask[0]=00000000000000000000000000000000, sa_flags=SA_RESTART|SA_SIGINFO
SIGHUP: SIG_DFL, sa_mask[0]=00000000000000000000000000000000, sa_flags=none
SIGINT: SIG_DFL, sa_mask[0]=00000000000000000000000000000000, sa_flags=none
SIGTERM: SIG_DFL, sa_mask[0]=00000000000000000000000000000000, sa_flags=none
SIGQUIT: SIG_DFL, sa_mask[0]=00000000000000000000000000000000, sa_flags=none


---------------  S Y S T E M  ---------------

OS:Amazon Linux release 2 (Karoo)

uname:Linux 4.14.106-97.85.amzn2.x86_64 #1 SMP Fri Mar 15 17:07:54 UTC 2019 x86_64
libc:glibc 2.26 NPTL 2.26 
rlimit: STACK 8192k, CORE 0k, NPROC 7681, NOFILE 4096, AS infinity
load average:0.00 0.00 0.00

/proc/meminfo:
MemTotal:        2002320 kB
MemFree:         1723780 kB
MemAvailable:    1769836 kB
Buffers:            2088 kB
Cached:           159184 kB
SwapCached:            0 kB
Active:           116536 kB
Inactive:          69540 kB
Active(anon):      24900 kB
Inactive(anon):      204 kB
Active(file):      91636 kB
Inactive(file):    69336 kB
Unevictable:           0 kB
Mlocked:               0 kB
SwapTotal:             0 kB
SwapFree:              0 kB
Dirty:               280 kB
Writeback:             0 kB
AnonPages:         24940 kB
Mapped:            51692 kB
Shmem:               300 kB
Slab:              45676 kB
SReclaimable:      33080 kB
SUnreclaim:        12596 kB
KernelStack:        1608 kB
PageTables:         3248 kB
NFS_Unstable:          0 kB
Bounce:                0 kB
WritebackTmp:          0 kB
CommitLimit:     1001160 kB
Committed_AS:    1235376 kB
VmallocTotal:   34359738367 kB
VmallocUsed:           0 kB
VmallocChunk:          0 kB
AnonHugePages:         0 kB
ShmemHugePages:        0 kB
ShmemPmdMapped:        0 kB
HugePages_Total:       0
HugePages_Free:        0
HugePages_Rsvd:        0
HugePages_Surp:        0
Hugepagesize:       2048 kB
DirectMap4k:       65512 kB
DirectMap2M:     1992704 kB
DirectMap1G:           0 kB

container (cgroup) information:
container_type: cgroupv1
cpu_cpuset_cpus: 0-1
cpu_memory_nodes: 0
active_processor_count: 2
cpu_quota: -1
cpu_period: 100000
cpu_shares: -1
memory_limit_in_bytes: -1
memory_and_swap_limit_in_bytes: -1
memory_soft_limit_in_bytes: -1
memory_usage_in_bytes: 190763008
memory_max_usage_in_bytes: 0


CPU:total 2 (initial active 2) (2 cores per cpu, 2 threads per core) family 6 model 85 stepping 4, cmov, cx8, fxsr, mmx, sse, sse2, sse3, ssse3, sse4.1, sse4.2, popcnt, avx, avx2, aes, clmul, erms, rtm, 3dnowpref, lzcnt, ht, tsc, tscinvbit, bmi1, bmi2, adx

/proc/cpuinfo:
processor	: 0
vendor_id	: GenuineIntel
cpu family	: 6
model		: 85
model name	: Intel(R) Xeon(R) Platinum 8175M CPU @ 2.50GHz
stepping	: 4
microcode	: 0x200005a
cpu MHz		: 2500.000
cache size	: 33792 KB
physical id	: 0
siblings	: 2
core id		: 0
cpu cores	: 1
apicid		: 0
initial apicid	: 0
fpu		: yes
fpu_exception	: yes
cpuid level	: 13
wp		: yes
flags		: fpu vme de pse tsc msr pae mce cx8 apic sep mtrr pge mca cmov pat pse36 clflush mmx fxsr sse sse2 ss ht syscall nx pdpe1gb rdtscp lm constant_tsc rep_good nopl xtopology nonstop_tsc cpuid tsc_known_freq pni pclmulqdq ssse3 fma cx16 pcid sse4_1 sse4_2 x2apic movbe popcnt tsc_deadline_timer aes xsave avx f16c rdrand hypervisor lahf_lm abm 3dnowprefetch invpcid_single pti fsgsbase tsc_adjust bmi1 hle avx2 smep bmi2 erms invpcid rtm mpx avx512f avx512dq rdseed adx smap clflushopt clwb avx512cd avx512bw avx512vl xsaveopt xsavec xgetbv1 xsaves ida arat pku ospke
bugs		: cpu_meltdown spectre_v1 spectre_v2 spec_store_bypass l1tf
bogomips	: 5000.00
clflush size	: 64
cache_alignment	: 64
address sizes	: 46 bits physical, 48 bits virtual
power management:

processor	: 1
vendor_id	: GenuineIntel
cpu family	: 6
model		: 85
model name	: Intel(R) Xeon(R) Platinum 8175M CPU @ 2.50GHz
stepping	: 4
microcode	: 0x200005a
cpu MHz		: 2500.000
cache size	: 33792 KB
physical id	: 0
siblings	: 2
core id		: 0
cpu cores	: 1
apicid		: 1
initial apicid	: 1
fpu		: yes
fpu_exception	: yes
cpuid level	: 13
wp		: yes
flags		: fpu vme de pse tsc msr pae mce cx8 apic sep mtrr pge mca cmov pat pse36 clflush mmx fxsr sse sse2 ss ht syscall nx pdpe1gb rdtscp lm constant_tsc rep_good nopl xtopology nonstop_tsc cpuid tsc_known_freq pni pclmulqdq ssse3 fma cx16 pcid sse4_1 sse4_2 x2apic movbe popcnt tsc_deadline_timer aes xsave avx f16c rdrand hypervisor lahf_lm abm 3dnowprefetch invpcid_single pti fsgsbase tsc_adjust bmi1 hle avx2 smep bmi2 erms invpcid rtm mpx avx512f avx512dq rdseed adx smap clflushopt clwb avx512cd avx512bw avx512vl xsaveopt xsavec xgetbv1 xsaves ida arat pku ospke
bugs		: cpu_meltdown spectre_v1 spectre_v2 spec_store_bypass l1tf
bogomips	: 5000.00
clflush size	: 64
cache_alignment	: 64
address sizes	: 46 bits physical, 48 bits virtual
power management:



Memory: 4k page, physical 2002320k(1723780k free), swap 0k(0k free)

vm_info: OpenJDK 64-Bit Server VM (25.201-b09) for linux-amd64 JRE (1.8.0_201-b09), built on Mar 19 2019 17:20:16 by "mockbuild" with gcc 7.3.1 20180303 (Red Hat 7.3.1-5)

time: Tue Apr  2 05:15:15 2019
timezone: UTC
elapsed time: 0 seconds (0d 0h 0m 0s)

