#
# There is insufficient memory for the Java Runtime Environment to continue.
# Native memory allocation (mmap) failed to map 2147483648 bytes for committing reserved memory.
# Possible reasons:
#   The system is out of physical RAM or swap space
#   The process is running with CompressedOops enabled, and the Java Heap may be blocking the growth of the native heap
# Possible solutions:
#   Reduce memory load on the system
#   Increase physical memory or swap space
#   Check if swap backing store is full
#   Decrease Java heap size (-Xmx/-Xms)
#   Decrease number of Java threads
#   Decrease Java thread stack sizes (-Xss)
#   Set larger code cache with -XX:ReservedCodeCacheSize=
# This output file may be truncated or incomplete.
#
#  Out of Memory Error (os_linux.cpp:2766), pid=10001, tid=0x00007fadeedb6700
#
# JRE version:  (8.0_201-b09) (build )
# Java VM: OpenJDK 64-Bit Server VM (25.201-b09 mixed mode linux-amd64 compressed oops)
# Failed to write core dump. Core dumps have been disabled. To enable core dumping, try "ulimit -c unlimited" before starting Java again
#

---------------  T H R E A D  ---------------

Current thread (0x00007fade804c800):  JavaThread "Unknown thread" [_thread_in_vm, id=10002, stack(0x00007fadeecb7000,0x00007fadeedb7000)]

Stack: [0x00007fadeecb7000,0x00007fadeedb7000],  sp=0x00007fadeedb55a0,  free space=1017k
Native frames: (J=compiled Java code, j=interpreted, Vv=VM code, C=native code)
V  [libjvm.so+0xb81712]
V  [libjvm.so+0x50d427]
V  [libjvm.so+0x9411f0]
V  [libjvm.so+0x9382fe]
V  [libjvm.so+0x9be5d6]
V  [libjvm.so+0x9adc8c]
V  [libjvm.so+0x2e1b5e]
V  [libjvm.so+0x969831]
V  [libjvm.so+0xb437da]
V  [libjvm.so+0xb43af5]
V  [libjvm.so+0x66008f]
V  [libjvm.so+0xb26b43]
V  [libjvm.so+0x6f4a91]  JNI_CreateJavaVM+0x61
C  [libjli.so+0x2dc3]
C  [libpthread.so.0+0x754b]  start_thread+0xdb


---------------  P R O C E S S  ---------------

Java Threads: ( => current thread )

Other Threads:

=>0x00007fade804c800 (exited) JavaThread "Unknown thread" [_thread_in_vm, id=10002, stack(0x00007fadeecb7000,0x00007fadeedb7000)]

VM state:not at safepoint (not fully initialized)

VM Mutex/Monitor currently owned by a thread: None

heap address: 0x0000000700000000, size: 3072 MB, Compressed Oops mode: Non-zero based:0x00000006fffff000, Oop shift amount: 3
Narrow klass base: 0x0000000000000000, Narrow klass shift: 0

GC Heap History (0 events):
No events

Deoptimization events (0 events):
No events

Classes redefined (0 events):
No events

Internal exceptions (0 events):
No events

Events (0 events):
No events


Dynamic libraries:
00400000-00401000 r-xp 00000000 103:01 1185027                           /usr/lib/jvm/java-1.8.0-openjdk-1.8.0.201.b09-0.amzn2.x86_64/jre/bin/java
00600000-00601000 r--p 00000000 103:01 1185027                           /usr/lib/jvm/java-1.8.0-openjdk-1.8.0.201.b09-0.amzn2.x86_64/jre/bin/java
00601000-00602000 rw-p 00001000 103:01 1185027                           /usr/lib/jvm/java-1.8.0-openjdk-1.8.0.201.b09-0.amzn2.x86_64/jre/bin/java
0060f000-00630000 rw-p 00000000 00:00 0                                  [heap]
780000000-7c0000000 rw-p 00000000 00:00 0 
7fadd7ff7000-7fadd83f7000 ---p 00000000 00:00 0 
7fadd83f7000-7fadd8602000 rw-p 00000000 00:00 0 
7fadd8602000-7fadd89b8000 ---p 00000000 00:00 0 
7fadd89b8000-7fadd8c28000 rwxp 00000000 00:00 0 
7fadd8c28000-7fade79b8000 ---p 00000000 00:00 0 
7fade79b8000-7fade79c0000 r-xp 00000000 103:01 4472550                   /usr/lib/jvm/java-1.8.0-openjdk-1.8.0.201.b09-0.amzn2.x86_64/jre/lib/amd64/libzip.so
7fade79c0000-7fade7bbf000 ---p 00008000 103:01 4472550                   /usr/lib/jvm/java-1.8.0-openjdk-1.8.0.201.b09-0.amzn2.x86_64/jre/lib/amd64/libzip.so
7fade7bbf000-7fade7bc0000 r--p 00007000 103:01 4472550                   /usr/lib/jvm/java-1.8.0-openjdk-1.8.0.201.b09-0.amzn2.x86_64/jre/lib/amd64/libzip.so
7fade7bc0000-7fade7bc1000 rw-p 00008000 103:01 4472550                   /usr/lib/jvm/java-1.8.0-openjdk-1.8.0.201.b09-0.amzn2.x86_64/jre/lib/amd64/libzip.so
7fade7bc1000-7fade7bcc000 r-xp 00000000 103:01 439307                    /usr/lib64/libnss_files-2.26.so
7fade7bcc000-7fade7dcb000 ---p 0000b000 103:01 439307                    /usr/lib64/libnss_files-2.26.so
7fade7dcb000-7fade7dcc000 r--p 0000a000 103:01 439307                    /usr/lib64/libnss_files-2.26.so
7fade7dcc000-7fade7dcd000 rw-p 0000b000 103:01 439307                    /usr/lib64/libnss_files-2.26.so
7fade7dcd000-7fade7dd3000 rw-p 00000000 00:00 0 
7fade7dd3000-7fade7dfd000 r-xp 00000000 103:01 4472532                   /usr/lib/jvm/java-1.8.0-openjdk-1.8.0.201.b09-0.amzn2.x86_64/jre/lib/amd64/libjava.so
7fade7dfd000-7fade7ffd000 ---p 0002a000 103:01 4472532                   /usr/lib/jvm/java-1.8.0-openjdk-1.8.0.201.b09-0.amzn2.x86_64/jre/lib/amd64/libjava.so
7fade7ffd000-7fade7ffe000 r--p 0002a000 103:01 4472532                   /usr/lib/jvm/java-1.8.0-openjdk-1.8.0.201.b09-0.amzn2.x86_64/jre/lib/amd64/libjava.so
7fade7ffe000-7fade8000000 rw-p 0002b000 103:01 4472532                   /usr/lib/jvm/java-1.8.0-openjdk-1.8.0.201.b09-0.amzn2.x86_64/jre/lib/amd64/libjava.so
7fade8000000-7fade8073000 rw-p 00000000 00:00 0 
7fade8073000-7fadec000000 ---p 00000000 00:00 0 
7fadec01a000-7fadec022000 r-xp 00000000 103:01 872466                    /usr/lib64/libnss_sss.so.2
7fadec022000-7fadec221000 ---p 00008000 103:01 872466                    /usr/lib64/libnss_sss.so.2
7fadec221000-7fadec222000 r--p 00007000 103:01 872466                    /usr/lib64/libnss_sss.so.2
7fadec222000-7fadec223000 rw-p 00008000 103:01 872466                    /usr/lib64/libnss_sss.so.2
7fadec223000-7fadec230000 r-xp 00000000 103:01 4472549                   /usr/lib/jvm/java-1.8.0-openjdk-1.8.0.201.b09-0.amzn2.x86_64/jre/lib/amd64/libverify.so
7fadec230000-7fadec42f000 ---p 0000d000 103:01 4472549                   /usr/lib/jvm/java-1.8.0-openjdk-1.8.0.201.b09-0.amzn2.x86_64/jre/lib/amd64/libverify.so
7fadec42f000-7fadec431000 r--p 0000c000 103:01 4472549                   /usr/lib/jvm/java-1.8.0-openjdk-1.8.0.201.b09-0.amzn2.x86_64/jre/lib/amd64/libverify.so
7fadec431000-7fadec432000 rw-p 0000e000 103:01 4472549                   /usr/lib/jvm/java-1.8.0-openjdk-1.8.0.201.b09-0.amzn2.x86_64/jre/lib/amd64/libverify.so
7fadec432000-7fadec439000 r-xp 00000000 103:01 439313                    /usr/lib64/librt-2.26.so
7fadec439000-7fadec638000 ---p 00007000 103:01 439313                    /usr/lib64/librt-2.26.so
7fadec638000-7fadec639000 r--p 00006000 103:01 439313                    /usr/lib64/librt-2.26.so
7fadec639000-7fadec63a000 rw-p 00007000 103:01 439313                    /usr/lib64/librt-2.26.so
7fadec63a000-7fadec650000 r-xp 00000000 103:01 439116                    /usr/lib64/libgcc_s-7-20180303.so.1
7fadec650000-7fadec84f000 ---p 00016000 103:01 439116                    /usr/lib64/libgcc_s-7-20180303.so.1
7fadec84f000-7fadec850000 r--p 00015000 103:01 439116                    /usr/lib64/libgcc_s-7-20180303.so.1
7fadec850000-7fadec851000 rw-p 00016000 103:01 439116                    /usr/lib64/libgcc_s-7-20180303.so.1
7fadec851000-7fadec99b000 r-xp 00000000 103:01 439297                    /usr/lib64/libm-2.26.so
7fadec99b000-7fadecb9a000 ---p 0014a000 103:01 439297                    /usr/lib64/libm-2.26.so
7fadecb9a000-7fadecb9b000 r--p 00149000 103:01 439297                    /usr/lib64/libm-2.26.so
7fadecb9b000-7fadecb9c000 rw-p 0014a000 103:01 439297                    /usr/lib64/libm-2.26.so
7fadecb9c000-7fadecd14000 r-xp 00000000 103:01 439351                    /usr/lib64/libstdc++.so.6.0.24
7fadecd14000-7fadecf14000 ---p 00178000 103:01 439351                    /usr/lib64/libstdc++.so.6.0.24
7fadecf14000-7fadecf1e000 r--p 00178000 103:01 439351                    /usr/lib64/libstdc++.so.6.0.24
7fadecf1e000-7fadecf20000 rw-p 00182000 103:01 439351                    /usr/lib64/libstdc++.so.6.0.24
7fadecf20000-7fadecf24000 rw-p 00000000 00:00 0 
7fadecf24000-7fadedca7000 r-xp 00000000 103:01 1185040                   /usr/lib/jvm/java-1.8.0-openjdk-1.8.0.201.b09-0.amzn2.x86_64/jre/lib/amd64/server/libjvm.so
7fadedca7000-7fadedea6000 ---p 00d83000 103:01 1185040                   /usr/lib/jvm/java-1.8.0-openjdk-1.8.0.201.b09-0.amzn2.x86_64/jre/lib/amd64/server/libjvm.so
7fadedea6000-7fadedf48000 r--p 00d82000 103:01 1185040                   /usr/lib/jvm/java-1.8.0-openjdk-1.8.0.201.b09-0.amzn2.x86_64/jre/lib/amd64/server/libjvm.so
7fadedf48000-7fadedf72000 rw-p 00e24000 103:01 1185040                   /usr/lib/jvm/java-1.8.0-openjdk-1.8.0.201.b09-0.amzn2.x86_64/jre/lib/amd64/server/libjvm.so
7fadedf72000-7fadedfa2000 rw-p 00000000 00:00 0 
7fadedfa2000-7fadee14f000 r-xp 00000000 103:01 439131                    /usr/lib64/libc-2.26.so
7fadee14f000-7fadee34e000 ---p 001ad000 103:01 439131                    /usr/lib64/libc-2.26.so
7fadee34e000-7fadee352000 r--p 001ac000 103:01 439131                    /usr/lib64/libc-2.26.so
7fadee352000-7fadee354000 rw-p 001b0000 103:01 439131                    /usr/lib64/libc-2.26.so
7fadee354000-7fadee358000 rw-p 00000000 00:00 0 
7fadee358000-7fadee35b000 r-xp 00000000 103:01 439135                    /usr/lib64/libdl-2.26.so
7fadee35b000-7fadee55a000 ---p 00003000 103:01 439135                    /usr/lib64/libdl-2.26.so
7fadee55a000-7fadee55b000 r--p 00002000 103:01 439135                    /usr/lib64/libdl-2.26.so
7fadee55b000-7fadee55c000 rw-p 00003000 103:01 439135                    /usr/lib64/libdl-2.26.so
7fadee55c000-7fadee56a000 r-xp 00000000 103:01 13077248                  /usr/lib/jvm/java-1.8.0-openjdk-1.8.0.201.b09-0.amzn2.x86_64/jre/lib/amd64/jli/libjli.so
7fadee56a000-7fadee769000 ---p 0000e000 103:01 13077248                  /usr/lib/jvm/java-1.8.0-openjdk-1.8.0.201.b09-0.amzn2.x86_64/jre/lib/amd64/jli/libjli.so
7fadee769000-7fadee76a000 r--p 0000d000 103:01 13077248                  /usr/lib/jvm/java-1.8.0-openjdk-1.8.0.201.b09-0.amzn2.x86_64/jre/lib/amd64/jli/libjli.so
7fadee76a000-7fadee76b000 rw-p 0000e000 103:01 13077248                  /usr/lib/jvm/java-1.8.0-openjdk-1.8.0.201.b09-0.amzn2.x86_64/jre/lib/amd64/jli/libjli.so
7fadee76b000-7fadee77f000 r-xp 00000000 103:01 439500                    /usr/lib64/libz.so.1.2.7
7fadee77f000-7fadee97f000 ---p 00014000 103:01 439500                    /usr/lib64/libz.so.1.2.7
7fadee97f000-7fadee980000 r--p 00014000 103:01 439500                    /usr/lib64/libz.so.1.2.7
7fadee980000-7fadee981000 rw-p 00015000 103:01 439500                    /usr/lib64/libz.so.1.2.7
7fadee981000-7fadee99a000 r-xp 00000000 103:01 439309                    /usr/lib64/libpthread-2.26.so
7fadee99a000-7fadeeb99000 ---p 00019000 103:01 439309                    /usr/lib64/libpthread-2.26.so
7fadeeb99000-7fadeeb9a000 r--p 00018000 103:01 439309                    /usr/lib64/libpthread-2.26.so
7fadeeb9a000-7fadeeb9b000 rw-p 00019000 103:01 439309                    /usr/lib64/libpthread-2.26.so
7fadeeb9b000-7fadeeb9f000 rw-p 00000000 00:00 0 
7fadeeb9f000-7fadeebc4000 r-xp 00000000 103:01 439124                    /usr/lib64/ld-2.26.so
7fadeec6d000-7fadeecae000 rw-p 00000000 00:00 0 
7fadeecae000-7fadeecb6000 rw-s 00000000 103:01 12859632                  /tmp/hsperfdata_minecraft/10001
7fadeecb6000-7fadeecb7000 ---p 00000000 00:00 0 
7fadeecb7000-7fadeecba000 ---p 00000000 00:00 0 
7fadeecba000-7fadeedb9000 rw-p 00000000 00:00 0 
7fadeedbf000-7fadeedc0000 rw-p 00000000 00:00 0 
7fadeedc0000-7fadeedc1000 r--p 00000000 00:00 0 
7fadeedc1000-7fadeedc3000 rw-p 00000000 00:00 0 
7fadeedc3000-7fadeedc4000 r--p 00024000 103:01 439124                    /usr/lib64/ld-2.26.so
7fadeedc4000-7fadeedc5000 rw-p 00025000 103:01 439124                    /usr/lib64/ld-2.26.so
7fadeedc5000-7fadeedc6000 rw-p 00000000 00:00 0 
7ffc7b3f7000-7ffc7b418000 rw-p 00000000 00:00 0                          [stack]
7ffc7b5cb000-7ffc7b5ce000 r--p 00000000 00:00 0                          [vvar]
7ffc7b5ce000-7ffc7b5d0000 r-xp 00000000 00:00 0                          [vdso]
ffffffffff600000-ffffffffff601000 r-xp 00000000 00:00 0                  [vsyscall]

VM Arguments:
jvm_args: -Xms3g -Xmx3g 
java_command: server.jar nogui
java_class_path (initial): server.jar
Launcher Type: SUN_STANDARD

Environment Variables:
PATH=/usr/local/sbin:/usr/local/bin:/usr/sbin:/usr/bin
SHELL=/bin/bash

Signal Handlers:
SIGSEGV: [libjvm.so+0xb82060], sa_mask[0]=11111111011111111101111111111110, sa_flags=SA_RESTART|SA_SIGINFO
SIGBUS: [libjvm.so+0xb82060], sa_mask[0]=11111111011111111101111111111110, sa_flags=SA_RESTART|SA_SIGINFO
SIGFPE: [libjvm.so+0x93c3a0], sa_mask[0]=11111111011111111101111111111110, sa_flags=SA_RESTART|SA_SIGINFO
SIGPIPE: [libjvm.so+0x93c3a0], sa_mask[0]=11111111011111111101111111111110, sa_flags=SA_RESTART|SA_SIGINFO
SIGXFSZ: [libjvm.so+0x93c3a0], sa_mask[0]=11111111011111111101111111111110, sa_flags=SA_RESTART|SA_SIGINFO
SIGILL: [libjvm.so+0x93c3a0], sa_mask[0]=11111111011111111101111111111110, sa_flags=SA_RESTART|SA_SIGINFO
SIGUSR1: SIG_DFL, sa_mask[0]=00000000000000000000000000000000, sa_flags=none
SIGUSR2: [libjvm.so+0x93c250], sa_mask[0]=00000000000000000000000000000000, sa_flags=SA_RESTART|SA_SIGINFO
SIGHUP: SIG_DFL, sa_mask[0]=00000000000000000000000000000000, sa_flags=none
SIGINT: SIG_DFL, sa_mask[0]=00000000000000000000000000000000, sa_flags=none
SIGTERM: SIG_DFL, sa_mask[0]=00000000000000000000000000000000, sa_flags=none
SIGQUIT: SIG_DFL, sa_mask[0]=00000000000000000000000000000000, sa_flags=none


---------------  S Y S T E M  ---------------

OS:Amazon Linux release 2 (Karoo)

uname:Linux 4.14.106-97.85.amzn2.x86_64 #1 SMP Fri Mar 15 17:07:54 UTC 2019 x86_64
libc:glibc 2.26 NPTL 2.26 
rlimit: STACK 8192k, CORE 0k, NPROC 7681, NOFILE 4096, AS infinity
load average:0.00 0.00 0.00

/proc/meminfo:
MemTotal:        2002320 kB
MemFree:         1700308 kB
MemAvailable:    1767640 kB
Buffers:            2088 kB
Cached:           179620 kB
SwapCached:            0 kB
Active:           119228 kB
Inactive:          87708 kB
Active(anon):      25328 kB
Inactive(anon):      200 kB
Active(file):      93900 kB
Inactive(file):    87508 kB
Unevictable:           0 kB
Mlocked:               0 kB
SwapTotal:             0 kB
SwapFree:              0 kB
Dirty:               168 kB
Writeback:             0 kB
AnonPages:         25280 kB
Mapped:            57004 kB
Shmem:               300 kB
Slab:              47860 kB
SReclaimable:      34756 kB
SUnreclaim:        13104 kB
KernelStack:        1624 kB
PageTables:         3416 kB
NFS_Unstable:          0 kB
Bounce:                0 kB
WritebackTmp:          0 kB
CommitLimit:     1001160 kB
Committed_AS:    1235984 kB
VmallocTotal:   34359738367 kB
VmallocUsed:           0 kB
VmallocChunk:          0 kB
AnonHugePages:         0 kB
ShmemHugePages:        0 kB
ShmemPmdMapped:        0 kB
HugePages_Total:       0
HugePages_Free:        0
HugePages_Rsvd:        0
HugePages_Surp:        0
Hugepagesize:       2048 kB
DirectMap4k:       65512 kB
DirectMap2M:     1992704 kB
DirectMap1G:           0 kB

container (cgroup) information:
container_type: cgroupv1
cpu_cpuset_cpus: 0-1
cpu_memory_nodes: 0
active_processor_count: 2
cpu_quota: -1
cpu_period: 100000
cpu_shares: -1
memory_limit_in_bytes: -1
memory_and_swap_limit_in_bytes: -1
memory_soft_limit_in_bytes: -1
memory_usage_in_bytes: 212049920
memory_max_usage_in_bytes: 0


CPU:total 2 (initial active 2) (2 cores per cpu, 2 threads per core) family 6 model 85 stepping 4, cmov, cx8, fxsr, mmx, sse, sse2, sse3, ssse3, sse4.1, sse4.2, popcnt, avx, avx2, aes, clmul, erms, rtm, 3dnowpref, lzcnt, ht, tsc, tscinvbit, bmi1, bmi2, adx

/proc/cpuinfo:
processor	: 0
vendor_id	: GenuineIntel
cpu family	: 6
model		: 85
model name	: Intel(R) Xeon(R) Platinum 8175M CPU @ 2.50GHz
stepping	: 4
microcode	: 0x200005a
cpu MHz		: 2500.000
cache size	: 33792 KB
physical id	: 0
siblings	: 2
core id		: 0
cpu cores	: 1
apicid		: 0
initial apicid	: 0
fpu		: yes
fpu_exception	: yes
cpuid level	: 13
wp		: yes
flags		: fpu vme de pse tsc msr pae mce cx8 apic sep mtrr pge mca cmov pat pse36 clflush mmx fxsr sse sse2 ss ht syscall nx pdpe1gb rdtscp lm constant_tsc rep_good nopl xtopology nonstop_tsc cpuid tsc_known_freq pni pclmulqdq ssse3 fma cx16 pcid sse4_1 sse4_2 x2apic movbe popcnt tsc_deadline_timer aes xsave avx f16c rdrand hypervisor lahf_lm abm 3dnowprefetch invpcid_single pti fsgsbase tsc_adjust bmi1 hle avx2 smep bmi2 erms invpcid rtm mpx avx512f avx512dq rdseed adx smap clflushopt clwb avx512cd avx512bw avx512vl xsaveopt xsavec xgetbv1 xsaves ida arat pku ospke
bugs		: cpu_meltdown spectre_v1 spectre_v2 spec_store_bypass l1tf
bogomips	: 5000.00
clflush size	: 64
cache_alignment	: 64
address sizes	: 46 bits physical, 48 bits virtual
power management:

processor	: 1
vendor_id	: GenuineIntel
cpu family	: 6
model		: 85
model name	: Intel(R) Xeon(R) Platinum 8175M CPU @ 2.50GHz
stepping	: 4
microcode	: 0x200005a
cpu MHz		: 2500.000
cache size	: 33792 KB
physical id	: 0
siblings	: 2
core id		: 0
cpu cores	: 1
apicid		: 1
initial apicid	: 1
fpu		: yes
fpu_exception	: yes
cpuid level	: 13
wp		: yes
flags		: fpu vme de pse tsc msr pae mce cx8 apic sep mtrr pge mca cmov pat pse36 clflush mmx fxsr sse sse2 ss ht syscall nx pdpe1gb rdtscp lm constant_tsc rep_good nopl xtopology nonstop_tsc cpuid tsc_known_freq pni pclmulqdq ssse3 fma cx16 pcid sse4_1 sse4_2 x2apic movbe popcnt tsc_deadline_timer aes xsave avx f16c rdrand hypervisor lahf_lm abm 3dnowprefetch invpcid_single pti fsgsbase tsc_adjust bmi1 hle avx2 smep bmi2 erms invpcid rtm mpx avx512f avx512dq rdseed adx smap clflushopt clwb avx512cd avx512bw avx512vl xsaveopt xsavec xgetbv1 xsaves ida arat pku ospke
bugs		: cpu_meltdown spectre_v1 spectre_v2 spec_store_bypass l1tf
bogomips	: 5000.00
clflush size	: 64
cache_alignment	: 64
address sizes	: 46 bits physical, 48 bits virtual
power management:



Memory: 4k page, physical 2002320k(1700308k free), swap 0k(0k free)

vm_info: OpenJDK 64-Bit Server VM (25.201-b09) for linux-amd64 JRE (1.8.0_201-b09), built on Mar 19 2019 17:20:16 by "mockbuild" with gcc 7.3.1 20180303 (Red Hat 7.3.1-5)

time: Tue Apr  2 13:51:24 2019
timezone: UTC
elapsed time: 0 seconds (0d 0h 0m 0s)

