#
# There is insufficient memory for the Java Runtime Environment to continue.
# Native memory allocation (mmap) failed to map 2147483648 bytes for committing reserved memory.
# Possible reasons:
#   The system is out of physical RAM or swap space
#   The process is running with CompressedOops enabled, and the Java Heap may be blocking the growth of the native heap
# Possible solutions:
#   Reduce memory load on the system
#   Increase physical memory or swap space
#   Check if swap backing store is full
#   Decrease Java heap size (-Xmx/-Xms)
#   Decrease number of Java threads
#   Decrease Java thread stack sizes (-Xss)
#   Set larger code cache with -XX:ReservedCodeCacheSize=
# This output file may be truncated or incomplete.
#
#  Out of Memory Error (os_linux.cpp:2766), pid=9868, tid=0x00007f4d41e23700
#
# JRE version:  (8.0_201-b09) (build )
# Java VM: OpenJDK 64-Bit Server VM (25.201-b09 mixed mode linux-amd64 compressed oops)
# Failed to write core dump. Core dumps have been disabled. To enable core dumping, try "ulimit -c unlimited" before starting Java again
#

---------------  T H R E A D  ---------------

Current thread (0x00007f4d3804c800):  JavaThread "Unknown thread" [_thread_in_vm, id=9869, stack(0x00007f4d41d24000,0x00007f4d41e24000)]

Stack: [0x00007f4d41d24000,0x00007f4d41e24000],  sp=0x00007f4d41e225a0,  free space=1017k
Native frames: (J=compiled Java code, j=interpreted, Vv=VM code, C=native code)
V  [libjvm.so+0xb81712]
V  [libjvm.so+0x50d427]
V  [libjvm.so+0x9411f0]
V  [libjvm.so+0x9382fe]
V  [libjvm.so+0x9be5d6]
V  [libjvm.so+0x9adc8c]
V  [libjvm.so+0x2e1b5e]
V  [libjvm.so+0x969831]
V  [libjvm.so+0xb437da]
V  [libjvm.so+0xb43af5]
V  [libjvm.so+0x66008f]
V  [libjvm.so+0xb26b43]
V  [libjvm.so+0x6f4a91]  JNI_CreateJavaVM+0x61
C  [libjli.so+0x2dc3]
C  [libpthread.so.0+0x754b]  start_thread+0xdb


---------------  P R O C E S S  ---------------

Java Threads: ( => current thread )

Other Threads:

=>0x00007f4d3804c800 (exited) JavaThread "Unknown thread" [_thread_in_vm, id=9869, stack(0x00007f4d41d24000,0x00007f4d41e24000)]

VM state:not at safepoint (not fully initialized)

VM Mutex/Monitor currently owned by a thread: None

heap address: 0x0000000700000000, size: 3072 MB, Compressed Oops mode: Non-zero based:0x00000006fffff000, Oop shift amount: 3
Narrow klass base: 0x0000000000000000, Narrow klass shift: 0

GC Heap History (0 events):
No events

Deoptimization events (0 events):
No events

Classes redefined (0 events):
No events

Internal exceptions (0 events):
No events

Events (0 events):
No events


Dynamic libraries:
00400000-00401000 r-xp 00000000 103:01 1185027                           /usr/lib/jvm/java-1.8.0-openjdk-1.8.0.201.b09-0.amzn2.x86_64/jre/bin/java
00600000-00601000 r--p 00000000 103:01 1185027                           /usr/lib/jvm/java-1.8.0-openjdk-1.8.0.201.b09-0.amzn2.x86_64/jre/bin/java
00601000-00602000 rw-p 00001000 103:01 1185027                           /usr/lib/jvm/java-1.8.0-openjdk-1.8.0.201.b09-0.amzn2.x86_64/jre/bin/java
0244a000-0246b000 rw-p 00000000 00:00 0                                  [heap]
780000000-7c0000000 rw-p 00000000 00:00 0 
7f4d29000000-7f4d29270000 rwxp 00000000 00:00 0 
7f4d29270000-7f4d38000000 ---p 00000000 00:00 0 
7f4d38000000-7f4d38073000 rw-p 00000000 00:00 0 
7f4d38073000-7f4d3c000000 ---p 00000000 00:00 0 
7f4d3e07e000-7f4d3e47e000 ---p 00000000 00:00 0 
7f4d3e47e000-7f4d3e689000 rw-p 00000000 00:00 0 
7f4d3e689000-7f4d3ea3f000 ---p 00000000 00:00 0 
7f4d3ea3f000-7f4d3ea47000 r-xp 00000000 103:01 4472550                   /usr/lib/jvm/java-1.8.0-openjdk-1.8.0.201.b09-0.amzn2.x86_64/jre/lib/amd64/libzip.so
7f4d3ea47000-7f4d3ec46000 ---p 00008000 103:01 4472550                   /usr/lib/jvm/java-1.8.0-openjdk-1.8.0.201.b09-0.amzn2.x86_64/jre/lib/amd64/libzip.so
7f4d3ec46000-7f4d3ec47000 r--p 00007000 103:01 4472550                   /usr/lib/jvm/java-1.8.0-openjdk-1.8.0.201.b09-0.amzn2.x86_64/jre/lib/amd64/libzip.so
7f4d3ec47000-7f4d3ec48000 rw-p 00008000 103:01 4472550                   /usr/lib/jvm/java-1.8.0-openjdk-1.8.0.201.b09-0.amzn2.x86_64/jre/lib/amd64/libzip.so
7f4d3ec48000-7f4d3ec53000 r-xp 00000000 103:01 439307                    /usr/lib64/libnss_files-2.26.so
7f4d3ec53000-7f4d3ee52000 ---p 0000b000 103:01 439307                    /usr/lib64/libnss_files-2.26.so
7f4d3ee52000-7f4d3ee53000 r--p 0000a000 103:01 439307                    /usr/lib64/libnss_files-2.26.so
7f4d3ee53000-7f4d3ee54000 rw-p 0000b000 103:01 439307                    /usr/lib64/libnss_files-2.26.so
7f4d3ee54000-7f4d3ee5a000 rw-p 00000000 00:00 0 
7f4d3ee5a000-7f4d3ee62000 r-xp 00000000 103:01 872466                    /usr/lib64/libnss_sss.so.2
7f4d3ee62000-7f4d3f061000 ---p 00008000 103:01 872466                    /usr/lib64/libnss_sss.so.2
7f4d3f061000-7f4d3f062000 r--p 00007000 103:01 872466                    /usr/lib64/libnss_sss.so.2
7f4d3f062000-7f4d3f063000 rw-p 00008000 103:01 872466                    /usr/lib64/libnss_sss.so.2
7f4d3f063000-7f4d3f08d000 r-xp 00000000 103:01 4472532                   /usr/lib/jvm/java-1.8.0-openjdk-1.8.0.201.b09-0.amzn2.x86_64/jre/lib/amd64/libjava.so
7f4d3f08d000-7f4d3f28d000 ---p 0002a000 103:01 4472532                   /usr/lib/jvm/java-1.8.0-openjdk-1.8.0.201.b09-0.amzn2.x86_64/jre/lib/amd64/libjava.so
7f4d3f28d000-7f4d3f28e000 r--p 0002a000 103:01 4472532                   /usr/lib/jvm/java-1.8.0-openjdk-1.8.0.201.b09-0.amzn2.x86_64/jre/lib/amd64/libjava.so
7f4d3f28e000-7f4d3f290000 rw-p 0002b000 103:01 4472532                   /usr/lib/jvm/java-1.8.0-openjdk-1.8.0.201.b09-0.amzn2.x86_64/jre/lib/amd64/libjava.so
7f4d3f290000-7f4d3f29d000 r-xp 00000000 103:01 4472549                   /usr/lib/jvm/java-1.8.0-openjdk-1.8.0.201.b09-0.amzn2.x86_64/jre/lib/amd64/libverify.so
7f4d3f29d000-7f4d3f49c000 ---p 0000d000 103:01 4472549                   /usr/lib/jvm/java-1.8.0-openjdk-1.8.0.201.b09-0.amzn2.x86_64/jre/lib/amd64/libverify.so
7f4d3f49c000-7f4d3f49e000 r--p 0000c000 103:01 4472549                   /usr/lib/jvm/java-1.8.0-openjdk-1.8.0.201.b09-0.amzn2.x86_64/jre/lib/amd64/libverify.so
7f4d3f49e000-7f4d3f49f000 rw-p 0000e000 103:01 4472549                   /usr/lib/jvm/java-1.8.0-openjdk-1.8.0.201.b09-0.amzn2.x86_64/jre/lib/amd64/libverify.so
7f4d3f49f000-7f4d3f4a6000 r-xp 00000000 103:01 439313                    /usr/lib64/librt-2.26.so
7f4d3f4a6000-7f4d3f6a5000 ---p 00007000 103:01 439313                    /usr/lib64/librt-2.26.so
7f4d3f6a5000-7f4d3f6a6000 r--p 00006000 103:01 439313                    /usr/lib64/librt-2.26.so
7f4d3f6a6000-7f4d3f6a7000 rw-p 00007000 103:01 439313                    /usr/lib64/librt-2.26.so
7f4d3f6a7000-7f4d3f6bd000 r-xp 00000000 103:01 439116                    /usr/lib64/libgcc_s-7-20180303.so.1
7f4d3f6bd000-7f4d3f8bc000 ---p 00016000 103:01 439116                    /usr/lib64/libgcc_s-7-20180303.so.1
7f4d3f8bc000-7f4d3f8bd000 r--p 00015000 103:01 439116                    /usr/lib64/libgcc_s-7-20180303.so.1
7f4d3f8bd000-7f4d3f8be000 rw-p 00016000 103:01 439116                    /usr/lib64/libgcc_s-7-20180303.so.1
7f4d3f8be000-7f4d3fa08000 r-xp 00000000 103:01 439297                    /usr/lib64/libm-2.26.so
7f4d3fa08000-7f4d3fc07000 ---p 0014a000 103:01 439297                    /usr/lib64/libm-2.26.so
7f4d3fc07000-7f4d3fc08000 r--p 00149000 103:01 439297                    /usr/lib64/libm-2.26.so
7f4d3fc08000-7f4d3fc09000 rw-p 0014a000 103:01 439297                    /usr/lib64/libm-2.26.so
7f4d3fc09000-7f4d3fd81000 r-xp 00000000 103:01 439351                    /usr/lib64/libstdc++.so.6.0.24
7f4d3fd81000-7f4d3ff81000 ---p 00178000 103:01 439351                    /usr/lib64/libstdc++.so.6.0.24
7f4d3ff81000-7f4d3ff8b000 r--p 00178000 103:01 439351                    /usr/lib64/libstdc++.so.6.0.24
7f4d3ff8b000-7f4d3ff8d000 rw-p 00182000 103:01 439351                    /usr/lib64/libstdc++.so.6.0.24
7f4d3ff8d000-7f4d3ff91000 rw-p 00000000 00:00 0 
7f4d3ff91000-7f4d40d14000 r-xp 00000000 103:01 1185040                   /usr/lib/jvm/java-1.8.0-openjdk-1.8.0.201.b09-0.amzn2.x86_64/jre/lib/amd64/server/libjvm.so
7f4d40d14000-7f4d40f13000 ---p 00d83000 103:01 1185040                   /usr/lib/jvm/java-1.8.0-openjdk-1.8.0.201.b09-0.amzn2.x86_64/jre/lib/amd64/server/libjvm.so
7f4d40f13000-7f4d40fb5000 r--p 00d82000 103:01 1185040                   /usr/lib/jvm/java-1.8.0-openjdk-1.8.0.201.b09-0.amzn2.x86_64/jre/lib/amd64/server/libjvm.so
7f4d40fb5000-7f4d40fdf000 rw-p 00e24000 103:01 1185040                   /usr/lib/jvm/java-1.8.0-openjdk-1.8.0.201.b09-0.amzn2.x86_64/jre/lib/amd64/server/libjvm.so
7f4d40fdf000-7f4d4100f000 rw-p 00000000 00:00 0 
7f4d4100f000-7f4d411bc000 r-xp 00000000 103:01 439131                    /usr/lib64/libc-2.26.so
7f4d411bc000-7f4d413bb000 ---p 001ad000 103:01 439131                    /usr/lib64/libc-2.26.so
7f4d413bb000-7f4d413bf000 r--p 001ac000 103:01 439131                    /usr/lib64/libc-2.26.so
7f4d413bf000-7f4d413c1000 rw-p 001b0000 103:01 439131                    /usr/lib64/libc-2.26.so
7f4d413c1000-7f4d413c5000 rw-p 00000000 00:00 0 
7f4d413c5000-7f4d413c8000 r-xp 00000000 103:01 439135                    /usr/lib64/libdl-2.26.so
7f4d413c8000-7f4d415c7000 ---p 00003000 103:01 439135                    /usr/lib64/libdl-2.26.so
7f4d415c7000-7f4d415c8000 r--p 00002000 103:01 439135                    /usr/lib64/libdl-2.26.so
7f4d415c8000-7f4d415c9000 rw-p 00003000 103:01 439135                    /usr/lib64/libdl-2.26.so
7f4d415c9000-7f4d415d7000 r-xp 00000000 103:01 13077248                  /usr/lib/jvm/java-1.8.0-openjdk-1.8.0.201.b09-0.amzn2.x86_64/jre/lib/amd64/jli/libjli.so
7f4d415d7000-7f4d417d6000 ---p 0000e000 103:01 13077248                  /usr/lib/jvm/java-1.8.0-openjdk-1.8.0.201.b09-0.amzn2.x86_64/jre/lib/amd64/jli/libjli.so
7f4d417d6000-7f4d417d7000 r--p 0000d000 103:01 13077248                  /usr/lib/jvm/java-1.8.0-openjdk-1.8.0.201.b09-0.amzn2.x86_64/jre/lib/amd64/jli/libjli.so
7f4d417d7000-7f4d417d8000 rw-p 0000e000 103:01 13077248                  /usr/lib/jvm/java-1.8.0-openjdk-1.8.0.201.b09-0.amzn2.x86_64/jre/lib/amd64/jli/libjli.so
7f4d417d8000-7f4d417ec000 r-xp 00000000 103:01 439500                    /usr/lib64/libz.so.1.2.7
7f4d417ec000-7f4d419ec000 ---p 00014000 103:01 439500                    /usr/lib64/libz.so.1.2.7
7f4d419ec000-7f4d419ed000 r--p 00014000 103:01 439500                    /usr/lib64/libz.so.1.2.7
7f4d419ed000-7f4d419ee000 rw-p 00015000 103:01 439500                    /usr/lib64/libz.so.1.2.7
7f4d419ee000-7f4d41a07000 r-xp 00000000 103:01 439309                    /usr/lib64/libpthread-2.26.so
7f4d41a07000-7f4d41c06000 ---p 00019000 103:01 439309                    /usr/lib64/libpthread-2.26.so
7f4d41c06000-7f4d41c07000 r--p 00018000 103:01 439309                    /usr/lib64/libpthread-2.26.so
7f4d41c07000-7f4d41c08000 rw-p 00019000 103:01 439309                    /usr/lib64/libpthread-2.26.so
7f4d41c08000-7f4d41c0c000 rw-p 00000000 00:00 0 
7f4d41c0c000-7f4d41c31000 r-xp 00000000 103:01 439124                    /usr/lib64/ld-2.26.so
7f4d41cda000-7f4d41d1b000 rw-p 00000000 00:00 0 
7f4d41d1b000-7f4d41d23000 rw-s 00000000 103:01 12859632                  /tmp/hsperfdata_minecraft/9868
7f4d41d23000-7f4d41d24000 ---p 00000000 00:00 0 
7f4d41d24000-7f4d41d27000 ---p 00000000 00:00 0 
7f4d41d27000-7f4d41e26000 rw-p 00000000 00:00 0 
7f4d41e2c000-7f4d41e2d000 rw-p 00000000 00:00 0 
7f4d41e2d000-7f4d41e2e000 r--p 00000000 00:00 0 
7f4d41e2e000-7f4d41e30000 rw-p 00000000 00:00 0 
7f4d41e30000-7f4d41e31000 r--p 00024000 103:01 439124                    /usr/lib64/ld-2.26.so
7f4d41e31000-7f4d41e32000 rw-p 00025000 103:01 439124                    /usr/lib64/ld-2.26.so
7f4d41e32000-7f4d41e33000 rw-p 00000000 00:00 0 
7ffd1ad0d000-7ffd1ad2e000 rw-p 00000000 00:00 0                          [stack]
7ffd1ade5000-7ffd1ade8000 r--p 00000000 00:00 0                          [vvar]
7ffd1ade8000-7ffd1adea000 r-xp 00000000 00:00 0                          [vdso]
ffffffffff600000-ffffffffff601000 r-xp 00000000 00:00 0                  [vsyscall]

VM Arguments:
jvm_args: -Xms3g -Xmx3g 
java_command: server.jar nogui
java_class_path (initial): server.jar
Launcher Type: SUN_STANDARD

Environment Variables:
PATH=/usr/local/sbin:/usr/local/bin:/usr/sbin:/usr/bin
SHELL=/bin/bash

Signal Handlers:
SIGSEGV: [libjvm.so+0xb82060], sa_mask[0]=11111111011111111101111111111110, sa_flags=SA_RESTART|SA_SIGINFO
SIGBUS: [libjvm.so+0xb82060], sa_mask[0]=11111111011111111101111111111110, sa_flags=SA_RESTART|SA_SIGINFO
SIGFPE: [libjvm.so+0x93c3a0], sa_mask[0]=11111111011111111101111111111110, sa_flags=SA_RESTART|SA_SIGINFO
SIGPIPE: [libjvm.so+0x93c3a0], sa_mask[0]=11111111011111111101111111111110, sa_flags=SA_RESTART|SA_SIGINFO
SIGXFSZ: [libjvm.so+0x93c3a0], sa_mask[0]=11111111011111111101111111111110, sa_flags=SA_RESTART|SA_SIGINFO
SIGILL: [libjvm.so+0x93c3a0], sa_mask[0]=11111111011111111101111111111110, sa_flags=SA_RESTART|SA_SIGINFO
SIGUSR1: SIG_DFL, sa_mask[0]=00000000000000000000000000000000, sa_flags=none
SIGUSR2: [libjvm.so+0x93c250], sa_mask[0]=00000000000000000000000000000000, sa_flags=SA_RESTART|SA_SIGINFO
SIGHUP: SIG_DFL, sa_mask[0]=00000000000000000000000000000000, sa_flags=none
SIGINT: SIG_DFL, sa_mask[0]=00000000000000000000000000000000, sa_flags=none
SIGTERM: SIG_DFL, sa_mask[0]=00000000000000000000000000000000, sa_flags=none
SIGQUIT: SIG_DFL, sa_mask[0]=00000000000000000000000000000000, sa_flags=none


---------------  S Y S T E M  ---------------

OS:Amazon Linux release 2 (Karoo)

uname:Linux 4.14.106-97.85.amzn2.x86_64 #1 SMP Fri Mar 15 17:07:54 UTC 2019 x86_64
libc:glibc 2.26 NPTL 2.26 
rlimit: STACK 8192k, CORE 0k, NPROC 7681, NOFILE 4096, AS infinity
load average:0.00 0.00 0.00

/proc/meminfo:
MemTotal:        2002320 kB
MemFree:         1700960 kB
MemAvailable:    1767912 kB
Buffers:            2088 kB
Cached:           179272 kB
SwapCached:            0 kB
Active:           119228 kB
Inactive:          87360 kB
Active(anon):      25328 kB
Inactive(anon):      200 kB
Active(file):      93900 kB
Inactive(file):    87160 kB
Unevictable:           0 kB
Mlocked:               0 kB
SwapTotal:             0 kB
SwapFree:              0 kB
Dirty:               320 kB
Writeback:             0 kB
AnonPages:         25264 kB
Mapped:            56948 kB
Shmem:               300 kB
Slab:              47800 kB
SReclaimable:      34696 kB
SUnreclaim:        13104 kB
KernelStack:        1616 kB
PageTables:         3336 kB
NFS_Unstable:          0 kB
Bounce:                0 kB
WritebackTmp:          0 kB
CommitLimit:     1001160 kB
Committed_AS:    1235012 kB
VmallocTotal:   34359738367 kB
VmallocUsed:           0 kB
VmallocChunk:          0 kB
AnonHugePages:         0 kB
ShmemHugePages:        0 kB
ShmemPmdMapped:        0 kB
HugePages_Total:       0
HugePages_Free:        0
HugePages_Rsvd:        0
HugePages_Surp:        0
Hugepagesize:       2048 kB
DirectMap4k:       65512 kB
DirectMap2M:     1992704 kB
DirectMap1G:           0 kB

container (cgroup) information:
container_type: cgroupv1
cpu_cpuset_cpus: 0-1
cpu_memory_nodes: 0
active_processor_count: 2
cpu_quota: -1
cpu_period: 100000
cpu_shares: -1
memory_limit_in_bytes: -1
memory_and_swap_limit_in_bytes: -1
memory_soft_limit_in_bytes: -1
memory_usage_in_bytes: 211677184
memory_max_usage_in_bytes: 0


CPU:total 2 (initial active 2) (2 cores per cpu, 2 threads per core) family 6 model 85 stepping 4, cmov, cx8, fxsr, mmx, sse, sse2, sse3, ssse3, sse4.1, sse4.2, popcnt, avx, avx2, aes, clmul, erms, rtm, 3dnowpref, lzcnt, ht, tsc, tscinvbit, bmi1, bmi2, adx

/proc/cpuinfo:
processor	: 0
vendor_id	: GenuineIntel
cpu family	: 6
model		: 85
model name	: Intel(R) Xeon(R) Platinum 8175M CPU @ 2.50GHz
stepping	: 4
microcode	: 0x200005a
cpu MHz		: 2500.000
cache size	: 33792 KB
physical id	: 0
siblings	: 2
core id		: 0
cpu cores	: 1
apicid		: 0
initial apicid	: 0
fpu		: yes
fpu_exception	: yes
cpuid level	: 13
wp		: yes
flags		: fpu vme de pse tsc msr pae mce cx8 apic sep mtrr pge mca cmov pat pse36 clflush mmx fxsr sse sse2 ss ht syscall nx pdpe1gb rdtscp lm constant_tsc rep_good nopl xtopology nonstop_tsc cpuid tsc_known_freq pni pclmulqdq ssse3 fma cx16 pcid sse4_1 sse4_2 x2apic movbe popcnt tsc_deadline_timer aes xsave avx f16c rdrand hypervisor lahf_lm abm 3dnowprefetch invpcid_single pti fsgsbase tsc_adjust bmi1 hle avx2 smep bmi2 erms invpcid rtm mpx avx512f avx512dq rdseed adx smap clflushopt clwb avx512cd avx512bw avx512vl xsaveopt xsavec xgetbv1 xsaves ida arat pku ospke
bugs		: cpu_meltdown spectre_v1 spectre_v2 spec_store_bypass l1tf
bogomips	: 5000.00
clflush size	: 64
cache_alignment	: 64
address sizes	: 46 bits physical, 48 bits virtual
power management:

processor	: 1
vendor_id	: GenuineIntel
cpu family	: 6
model		: 85
model name	: Intel(R) Xeon(R) Platinum 8175M CPU @ 2.50GHz
stepping	: 4
microcode	: 0x200005a
cpu MHz		: 2500.000
cache size	: 33792 KB
physical id	: 0
siblings	: 2
core id		: 0
cpu cores	: 1
apicid		: 1
initial apicid	: 1
fpu		: yes
fpu_exception	: yes
cpuid level	: 13
wp		: yes
flags		: fpu vme de pse tsc msr pae mce cx8 apic sep mtrr pge mca cmov pat pse36 clflush mmx fxsr sse sse2 ss ht syscall nx pdpe1gb rdtscp lm constant_tsc rep_good nopl xtopology nonstop_tsc cpuid tsc_known_freq pni pclmulqdq ssse3 fma cx16 pcid sse4_1 sse4_2 x2apic movbe popcnt tsc_deadline_timer aes xsave avx f16c rdrand hypervisor lahf_lm abm 3dnowprefetch invpcid_single pti fsgsbase tsc_adjust bmi1 hle avx2 smep bmi2 erms invpcid rtm mpx avx512f avx512dq rdseed adx smap clflushopt clwb avx512cd avx512bw avx512vl xsaveopt xsavec xgetbv1 xsaves ida arat pku ospke
bugs		: cpu_meltdown spectre_v1 spectre_v2 spec_store_bypass l1tf
bogomips	: 5000.00
clflush size	: 64
cache_alignment	: 64
address sizes	: 46 bits physical, 48 bits virtual
power management:



Memory: 4k page, physical 2002320k(1700960k free), swap 0k(0k free)

vm_info: OpenJDK 64-Bit Server VM (25.201-b09) for linux-amd64 JRE (1.8.0_201-b09), built on Mar 19 2019 17:20:16 by "mockbuild" with gcc 7.3.1 20180303 (Red Hat 7.3.1-5)

time: Tue Apr  2 13:35:20 2019
timezone: UTC
elapsed time: 0 seconds (0d 0h 0m 0s)

