#
# There is insufficient memory for the Java Runtime Environment to continue.
# Native memory allocation (mmap) failed to map 2147483648 bytes for committing reserved memory.
# Possible reasons:
#   The system is out of physical RAM or swap space
#   The process is running with CompressedOops enabled, and the Java Heap may be blocking the growth of the native heap
# Possible solutions:
#   Reduce memory load on the system
#   Increase physical memory or swap space
#   Check if swap backing store is full
#   Decrease Java heap size (-Xmx/-Xms)
#   Decrease number of Java threads
#   Decrease Java thread stack sizes (-Xss)
#   Set larger code cache with -XX:ReservedCodeCacheSize=
# This output file may be truncated or incomplete.
#
#  Out of Memory Error (os_linux.cpp:2766), pid=2929, tid=0x00007efcca850700
#
# JRE version:  (8.0_201-b09) (build )
# Java VM: OpenJDK 64-Bit Server VM (25.201-b09 mixed mode linux-amd64 compressed oops)
# Failed to write core dump. Core dumps have been disabled. To enable core dumping, try "ulimit -c unlimited" before starting Java again
#

---------------  T H R E A D  ---------------

Current thread (0x00007efcc404c800):  JavaThread "Unknown thread" [_thread_in_vm, id=2930, stack(0x00007efcca751000,0x00007efcca851000)]

Stack: [0x00007efcca751000,0x00007efcca851000],  sp=0x00007efcca84f5a0,  free space=1017k
Native frames: (J=compiled Java code, j=interpreted, Vv=VM code, C=native code)
V  [libjvm.so+0xb81712]
V  [libjvm.so+0x50d427]
V  [libjvm.so+0x9411f0]
V  [libjvm.so+0x9382fe]
V  [libjvm.so+0x9be5d6]
V  [libjvm.so+0x9adc8c]
V  [libjvm.so+0x2e1b5e]
V  [libjvm.so+0x969831]
V  [libjvm.so+0xb437da]
V  [libjvm.so+0xb43af5]
V  [libjvm.so+0x66008f]
V  [libjvm.so+0xb26b43]
V  [libjvm.so+0x6f4a91]  JNI_CreateJavaVM+0x61
C  [libjli.so+0x2dc3]
C  [libpthread.so.0+0x754b]  start_thread+0xdb


---------------  P R O C E S S  ---------------

Java Threads: ( => current thread )

Other Threads:

=>0x00007efcc404c800 (exited) JavaThread "Unknown thread" [_thread_in_vm, id=2930, stack(0x00007efcca751000,0x00007efcca851000)]

VM state:not at safepoint (not fully initialized)

VM Mutex/Monitor currently owned by a thread: None

heap address: 0x0000000700000000, size: 3072 MB, Compressed Oops mode: Non-zero based:0x00000006fffff000, Oop shift amount: 3
Narrow klass base: 0x0000000000000000, Narrow klass shift: 0

GC Heap History (0 events):
No events

Deoptimization events (0 events):
No events

Classes redefined (0 events):
No events

Internal exceptions (0 events):
No events

Events (0 events):
No events


Dynamic libraries:
00400000-00401000 r-xp 00000000 103:01 1185027                           /usr/lib/jvm/java-1.8.0-openjdk-1.8.0.201.b09-0.amzn2.x86_64/jre/bin/java
00600000-00601000 r--p 00000000 103:01 1185027                           /usr/lib/jvm/java-1.8.0-openjdk-1.8.0.201.b09-0.amzn2.x86_64/jre/bin/java
00601000-00602000 rw-p 00001000 103:01 1185027                           /usr/lib/jvm/java-1.8.0-openjdk-1.8.0.201.b09-0.amzn2.x86_64/jre/bin/java
024fb000-0251c000 rw-p 00000000 00:00 0                                  [heap]
780000000-7c0000000 rw-p 00000000 00:00 0 
7efcb39d7000-7efcb3dd7000 ---p 00000000 00:00 0 
7efcb3dd7000-7efcb3fe2000 rw-p 00000000 00:00 0 
7efcb3fe2000-7efcb4398000 ---p 00000000 00:00 0 
7efcb4398000-7efcb4608000 rwxp 00000000 00:00 0 
7efcb4608000-7efcc3398000 ---p 00000000 00:00 0 
7efcc3398000-7efcc33a0000 r-xp 00000000 103:01 4472550                   /usr/lib/jvm/java-1.8.0-openjdk-1.8.0.201.b09-0.amzn2.x86_64/jre/lib/amd64/libzip.so
7efcc33a0000-7efcc359f000 ---p 00008000 103:01 4472550                   /usr/lib/jvm/java-1.8.0-openjdk-1.8.0.201.b09-0.amzn2.x86_64/jre/lib/amd64/libzip.so
7efcc359f000-7efcc35a0000 r--p 00007000 103:01 4472550                   /usr/lib/jvm/java-1.8.0-openjdk-1.8.0.201.b09-0.amzn2.x86_64/jre/lib/amd64/libzip.so
7efcc35a0000-7efcc35a1000 rw-p 00008000 103:01 4472550                   /usr/lib/jvm/java-1.8.0-openjdk-1.8.0.201.b09-0.amzn2.x86_64/jre/lib/amd64/libzip.so
7efcc35a1000-7efcc35ac000 r-xp 00000000 103:01 439307                    /usr/lib64/libnss_files-2.26.so
7efcc35ac000-7efcc37ab000 ---p 0000b000 103:01 439307                    /usr/lib64/libnss_files-2.26.so
7efcc37ab000-7efcc37ac000 r--p 0000a000 103:01 439307                    /usr/lib64/libnss_files-2.26.so
7efcc37ac000-7efcc37ad000 rw-p 0000b000 103:01 439307                    /usr/lib64/libnss_files-2.26.so
7efcc37ad000-7efcc37b3000 rw-p 00000000 00:00 0 
7efcc37b3000-7efcc37bb000 r-xp 00000000 103:01 872466                    /usr/lib64/libnss_sss.so.2
7efcc37bb000-7efcc39ba000 ---p 00008000 103:01 872466                    /usr/lib64/libnss_sss.so.2
7efcc39ba000-7efcc39bb000 r--p 00007000 103:01 872466                    /usr/lib64/libnss_sss.so.2
7efcc39bb000-7efcc39bc000 rw-p 00008000 103:01 872466                    /usr/lib64/libnss_sss.so.2
7efcc39bc000-7efcc39e6000 r-xp 00000000 103:01 4472532                   /usr/lib/jvm/java-1.8.0-openjdk-1.8.0.201.b09-0.amzn2.x86_64/jre/lib/amd64/libjava.so
7efcc39e6000-7efcc3be6000 ---p 0002a000 103:01 4472532                   /usr/lib/jvm/java-1.8.0-openjdk-1.8.0.201.b09-0.amzn2.x86_64/jre/lib/amd64/libjava.so
7efcc3be6000-7efcc3be7000 r--p 0002a000 103:01 4472532                   /usr/lib/jvm/java-1.8.0-openjdk-1.8.0.201.b09-0.amzn2.x86_64/jre/lib/amd64/libjava.so
7efcc3be7000-7efcc3be9000 rw-p 0002b000 103:01 4472532                   /usr/lib/jvm/java-1.8.0-openjdk-1.8.0.201.b09-0.amzn2.x86_64/jre/lib/amd64/libjava.so
7efcc3be9000-7efcc3bf6000 r-xp 00000000 103:01 4472549                   /usr/lib/jvm/java-1.8.0-openjdk-1.8.0.201.b09-0.amzn2.x86_64/jre/lib/amd64/libverify.so
7efcc3bf6000-7efcc3df5000 ---p 0000d000 103:01 4472549                   /usr/lib/jvm/java-1.8.0-openjdk-1.8.0.201.b09-0.amzn2.x86_64/jre/lib/amd64/libverify.so
7efcc3df5000-7efcc3df7000 r--p 0000c000 103:01 4472549                   /usr/lib/jvm/java-1.8.0-openjdk-1.8.0.201.b09-0.amzn2.x86_64/jre/lib/amd64/libverify.so
7efcc3df7000-7efcc3df8000 rw-p 0000e000 103:01 4472549                   /usr/lib/jvm/java-1.8.0-openjdk-1.8.0.201.b09-0.amzn2.x86_64/jre/lib/amd64/libverify.so
7efcc3df8000-7efcc3dff000 r-xp 00000000 103:01 439313                    /usr/lib64/librt-2.26.so
7efcc3dff000-7efcc3ffe000 ---p 00007000 103:01 439313                    /usr/lib64/librt-2.26.so
7efcc3ffe000-7efcc3fff000 r--p 00006000 103:01 439313                    /usr/lib64/librt-2.26.so
7efcc3fff000-7efcc4000000 rw-p 00007000 103:01 439313                    /usr/lib64/librt-2.26.so
7efcc4000000-7efcc4073000 rw-p 00000000 00:00 0 
7efcc4073000-7efcc8000000 ---p 00000000 00:00 0 
7efcc80d4000-7efcc80ea000 r-xp 00000000 103:01 439116                    /usr/lib64/libgcc_s-7-20180303.so.1
7efcc80ea000-7efcc82e9000 ---p 00016000 103:01 439116                    /usr/lib64/libgcc_s-7-20180303.so.1
7efcc82e9000-7efcc82ea000 r--p 00015000 103:01 439116                    /usr/lib64/libgcc_s-7-20180303.so.1
7efcc82ea000-7efcc82eb000 rw-p 00016000 103:01 439116                    /usr/lib64/libgcc_s-7-20180303.so.1
7efcc82eb000-7efcc8435000 r-xp 00000000 103:01 439297                    /usr/lib64/libm-2.26.so
7efcc8435000-7efcc8634000 ---p 0014a000 103:01 439297                    /usr/lib64/libm-2.26.so
7efcc8634000-7efcc8635000 r--p 00149000 103:01 439297                    /usr/lib64/libm-2.26.so
7efcc8635000-7efcc8636000 rw-p 0014a000 103:01 439297                    /usr/lib64/libm-2.26.so
7efcc8636000-7efcc87ae000 r-xp 00000000 103:01 439351                    /usr/lib64/libstdc++.so.6.0.24
7efcc87ae000-7efcc89ae000 ---p 00178000 103:01 439351                    /usr/lib64/libstdc++.so.6.0.24
7efcc89ae000-7efcc89b8000 r--p 00178000 103:01 439351                    /usr/lib64/libstdc++.so.6.0.24
7efcc89b8000-7efcc89ba000 rw-p 00182000 103:01 439351                    /usr/lib64/libstdc++.so.6.0.24
7efcc89ba000-7efcc89be000 rw-p 00000000 00:00 0 
7efcc89be000-7efcc9741000 r-xp 00000000 103:01 1185040                   /usr/lib/jvm/java-1.8.0-openjdk-1.8.0.201.b09-0.amzn2.x86_64/jre/lib/amd64/server/libjvm.so
7efcc9741000-7efcc9940000 ---p 00d83000 103:01 1185040                   /usr/lib/jvm/java-1.8.0-openjdk-1.8.0.201.b09-0.amzn2.x86_64/jre/lib/amd64/server/libjvm.so
7efcc9940000-7efcc99e2000 r--p 00d82000 103:01 1185040                   /usr/lib/jvm/java-1.8.0-openjdk-1.8.0.201.b09-0.amzn2.x86_64/jre/lib/amd64/server/libjvm.so
7efcc99e2000-7efcc9a0c000 rw-p 00e24000 103:01 1185040                   /usr/lib/jvm/java-1.8.0-openjdk-1.8.0.201.b09-0.amzn2.x86_64/jre/lib/amd64/server/libjvm.so
7efcc9a0c000-7efcc9a3c000 rw-p 00000000 00:00 0 
7efcc9a3c000-7efcc9be9000 r-xp 00000000 103:01 439131                    /usr/lib64/libc-2.26.so
7efcc9be9000-7efcc9de8000 ---p 001ad000 103:01 439131                    /usr/lib64/libc-2.26.so
7efcc9de8000-7efcc9dec000 r--p 001ac000 103:01 439131                    /usr/lib64/libc-2.26.so
7efcc9dec000-7efcc9dee000 rw-p 001b0000 103:01 439131                    /usr/lib64/libc-2.26.so
7efcc9dee000-7efcc9df2000 rw-p 00000000 00:00 0 
7efcc9df2000-7efcc9df5000 r-xp 00000000 103:01 439135                    /usr/lib64/libdl-2.26.so
7efcc9df5000-7efcc9ff4000 ---p 00003000 103:01 439135                    /usr/lib64/libdl-2.26.so
7efcc9ff4000-7efcc9ff5000 r--p 00002000 103:01 439135                    /usr/lib64/libdl-2.26.so
7efcc9ff5000-7efcc9ff6000 rw-p 00003000 103:01 439135                    /usr/lib64/libdl-2.26.so
7efcc9ff6000-7efcca004000 r-xp 00000000 103:01 13077248                  /usr/lib/jvm/java-1.8.0-openjdk-1.8.0.201.b09-0.amzn2.x86_64/jre/lib/amd64/jli/libjli.so
7efcca004000-7efcca203000 ---p 0000e000 103:01 13077248                  /usr/lib/jvm/java-1.8.0-openjdk-1.8.0.201.b09-0.amzn2.x86_64/jre/lib/amd64/jli/libjli.so
7efcca203000-7efcca204000 r--p 0000d000 103:01 13077248                  /usr/lib/jvm/java-1.8.0-openjdk-1.8.0.201.b09-0.amzn2.x86_64/jre/lib/amd64/jli/libjli.so
7efcca204000-7efcca205000 rw-p 0000e000 103:01 13077248                  /usr/lib/jvm/java-1.8.0-openjdk-1.8.0.201.b09-0.amzn2.x86_64/jre/lib/amd64/jli/libjli.so
7efcca205000-7efcca219000 r-xp 00000000 103:01 439500                    /usr/lib64/libz.so.1.2.7
7efcca219000-7efcca419000 ---p 00014000 103:01 439500                    /usr/lib64/libz.so.1.2.7
7efcca419000-7efcca41a000 r--p 00014000 103:01 439500                    /usr/lib64/libz.so.1.2.7
7efcca41a000-7efcca41b000 rw-p 00015000 103:01 439500                    /usr/lib64/libz.so.1.2.7
7efcca41b000-7efcca434000 r-xp 00000000 103:01 439309                    /usr/lib64/libpthread-2.26.so
7efcca434000-7efcca633000 ---p 00019000 103:01 439309                    /usr/lib64/libpthread-2.26.so
7efcca633000-7efcca634000 r--p 00018000 103:01 439309                    /usr/lib64/libpthread-2.26.so
7efcca634000-7efcca635000 rw-p 00019000 103:01 439309                    /usr/lib64/libpthread-2.26.so
7efcca635000-7efcca639000 rw-p 00000000 00:00 0 
7efcca639000-7efcca65e000 r-xp 00000000 103:01 439124                    /usr/lib64/ld-2.26.so
7efcca707000-7efcca748000 rw-p 00000000 00:00 0 
7efcca748000-7efcca750000 rw-s 00000000 103:01 12634350                  /tmp/hsperfdata_minecraft/2929
7efcca750000-7efcca751000 ---p 00000000 00:00 0 
7efcca751000-7efcca754000 ---p 00000000 00:00 0 
7efcca754000-7efcca853000 rw-p 00000000 00:00 0 
7efcca859000-7efcca85a000 rw-p 00000000 00:00 0 
7efcca85a000-7efcca85b000 r--p 00000000 00:00 0 
7efcca85b000-7efcca85d000 rw-p 00000000 00:00 0 
7efcca85d000-7efcca85e000 r--p 00024000 103:01 439124                    /usr/lib64/ld-2.26.so
7efcca85e000-7efcca85f000 rw-p 00025000 103:01 439124                    /usr/lib64/ld-2.26.so
7efcca85f000-7efcca860000 rw-p 00000000 00:00 0 
7ffdedf3d000-7ffdedf5e000 rw-p 00000000 00:00 0                          [stack]
7ffdedfd0000-7ffdedfd3000 r--p 00000000 00:00 0                          [vvar]
7ffdedfd3000-7ffdedfd5000 r-xp 00000000 00:00 0                          [vdso]
ffffffffff600000-ffffffffff601000 r-xp 00000000 00:00 0                  [vsyscall]

VM Arguments:
jvm_args: -Xms3g -Xmx3g 
java_command: server.jar nogui
java_class_path (initial): server.jar
Launcher Type: SUN_STANDARD

Environment Variables:
PATH=/usr/local/sbin:/usr/local/bin:/usr/sbin:/usr/bin
SHELL=/bin/bash

Signal Handlers:
SIGSEGV: [libjvm.so+0xb82060], sa_mask[0]=11111111011111111101111111111110, sa_flags=SA_RESTART|SA_SIGINFO
SIGBUS: [libjvm.so+0xb82060], sa_mask[0]=11111111011111111101111111111110, sa_flags=SA_RESTART|SA_SIGINFO
SIGFPE: [libjvm.so+0x93c3a0], sa_mask[0]=11111111011111111101111111111110, sa_flags=SA_RESTART|SA_SIGINFO
SIGPIPE: [libjvm.so+0x93c3a0], sa_mask[0]=11111111011111111101111111111110, sa_flags=SA_RESTART|SA_SIGINFO
SIGXFSZ: [libjvm.so+0x93c3a0], sa_mask[0]=11111111011111111101111111111110, sa_flags=SA_RESTART|SA_SIGINFO
SIGILL: [libjvm.so+0x93c3a0], sa_mask[0]=11111111011111111101111111111110, sa_flags=SA_RESTART|SA_SIGINFO
SIGUSR1: SIG_DFL, sa_mask[0]=00000000000000000000000000000000, sa_flags=none
SIGUSR2: [libjvm.so+0x93c250], sa_mask[0]=00000000000000000000000000000000, sa_flags=SA_RESTART|SA_SIGINFO
SIGHUP: SIG_DFL, sa_mask[0]=00000000000000000000000000000000, sa_flags=none
SIGINT: SIG_DFL, sa_mask[0]=00000000000000000000000000000000, sa_flags=none
SIGTERM: SIG_DFL, sa_mask[0]=00000000000000000000000000000000, sa_flags=none
SIGQUIT: SIG_DFL, sa_mask[0]=00000000000000000000000000000000, sa_flags=none


---------------  S Y S T E M  ---------------

OS:Amazon Linux release 2 (Karoo)

uname:Linux 4.14.106-97.85.amzn2.x86_64 #1 SMP Fri Mar 15 17:07:54 UTC 2019 x86_64
libc:glibc 2.26 NPTL 2.26 
rlimit: STACK 8192k, CORE 0k, NPROC 7681, NOFILE 4096, AS infinity
load average:0.00 0.00 0.00

/proc/meminfo:
MemTotal:        2002320 kB
MemFree:         1718080 kB
MemAvailable:    1769892 kB
Buffers:            2088 kB
Cached:           165092 kB
SwapCached:            0 kB
Active:           117712 kB
Inactive:          74548 kB
Active(anon):      25180 kB
Inactive(anon):      200 kB
Active(file):      92532 kB
Inactive(file):    74348 kB
Unevictable:           0 kB
Mlocked:               0 kB
SwapTotal:             0 kB
SwapFree:              0 kB
Dirty:               224 kB
Writeback:             0 kB
AnonPages:         25092 kB
Mapped:            55212 kB
Shmem:               300 kB
Slab:              45256 kB
SReclaimable:      32772 kB
SUnreclaim:        12484 kB
KernelStack:        1632 kB
PageTables:         3412 kB
NFS_Unstable:          0 kB
Bounce:                0 kB
WritebackTmp:          0 kB
CommitLimit:     1001160 kB
Committed_AS:    1238152 kB
VmallocTotal:   34359738367 kB
VmallocUsed:           0 kB
VmallocChunk:          0 kB
AnonHugePages:         0 kB
ShmemHugePages:        0 kB
ShmemPmdMapped:        0 kB
HugePages_Total:       0
HugePages_Free:        0
HugePages_Rsvd:        0
HugePages_Surp:        0
Hugepagesize:       2048 kB
DirectMap4k:       67560 kB
DirectMap2M:     1990656 kB
DirectMap1G:           0 kB

container (cgroup) information:
container_type: cgroupv1
cpu_cpuset_cpus: 0-1
cpu_memory_nodes: 0
active_processor_count: 2
cpu_quota: -1
cpu_period: 100000
cpu_shares: -1
memory_limit_in_bytes: -1
memory_and_swap_limit_in_bytes: -1
memory_soft_limit_in_bytes: -1
memory_usage_in_bytes: 196915200
memory_max_usage_in_bytes: 0


CPU:total 2 (initial active 2) (2 cores per cpu, 2 threads per core) family 6 model 85 stepping 4, cmov, cx8, fxsr, mmx, sse, sse2, sse3, ssse3, sse4.1, sse4.2, popcnt, avx, avx2, aes, clmul, erms, rtm, 3dnowpref, lzcnt, ht, tsc, tscinvbit, bmi1, bmi2, adx

/proc/cpuinfo:
processor	: 0
vendor_id	: GenuineIntel
cpu family	: 6
model		: 85
model name	: Intel(R) Xeon(R) Platinum 8175M CPU @ 2.50GHz
stepping	: 4
microcode	: 0x200005a
cpu MHz		: 2500.000
cache size	: 33792 KB
physical id	: 0
siblings	: 2
core id		: 0
cpu cores	: 1
apicid		: 0
initial apicid	: 0
fpu		: yes
fpu_exception	: yes
cpuid level	: 13
wp		: yes
flags		: fpu vme de pse tsc msr pae mce cx8 apic sep mtrr pge mca cmov pat pse36 clflush mmx fxsr sse sse2 ss ht syscall nx pdpe1gb rdtscp lm constant_tsc rep_good nopl xtopology nonstop_tsc cpuid tsc_known_freq pni pclmulqdq ssse3 fma cx16 pcid sse4_1 sse4_2 x2apic movbe popcnt tsc_deadline_timer aes xsave avx f16c rdrand hypervisor lahf_lm abm 3dnowprefetch invpcid_single pti fsgsbase tsc_adjust bmi1 hle avx2 smep bmi2 erms invpcid rtm mpx avx512f avx512dq rdseed adx smap clflushopt clwb avx512cd avx512bw avx512vl xsaveopt xsavec xgetbv1 xsaves ida arat pku ospke
bugs		: cpu_meltdown spectre_v1 spectre_v2 spec_store_bypass l1tf
bogomips	: 5000.00
clflush size	: 64
cache_alignment	: 64
address sizes	: 46 bits physical, 48 bits virtual
power management:

processor	: 1
vendor_id	: GenuineIntel
cpu family	: 6
model		: 85
model name	: Intel(R) Xeon(R) Platinum 8175M CPU @ 2.50GHz
stepping	: 4
microcode	: 0x200005a
cpu MHz		: 2500.000
cache size	: 33792 KB
physical id	: 0
siblings	: 2
core id		: 0
cpu cores	: 1
apicid		: 1
initial apicid	: 1
fpu		: yes
fpu_exception	: yes
cpuid level	: 13
wp		: yes
flags		: fpu vme de pse tsc msr pae mce cx8 apic sep mtrr pge mca cmov pat pse36 clflush mmx fxsr sse sse2 ss ht syscall nx pdpe1gb rdtscp lm constant_tsc rep_good nopl xtopology nonstop_tsc cpuid tsc_known_freq pni pclmulqdq ssse3 fma cx16 pcid sse4_1 sse4_2 x2apic movbe popcnt tsc_deadline_timer aes xsave avx f16c rdrand hypervisor lahf_lm abm 3dnowprefetch invpcid_single pti fsgsbase tsc_adjust bmi1 hle avx2 smep bmi2 erms invpcid rtm mpx avx512f avx512dq rdseed adx smap clflushopt clwb avx512cd avx512bw avx512vl xsaveopt xsavec xgetbv1 xsaves ida arat pku ospke
bugs		: cpu_meltdown spectre_v1 spectre_v2 spec_store_bypass l1tf
bogomips	: 5000.00
clflush size	: 64
cache_alignment	: 64
address sizes	: 46 bits physical, 48 bits virtual
power management:



Memory: 4k page, physical 2002320k(1718080k free), swap 0k(0k free)

vm_info: OpenJDK 64-Bit Server VM (25.201-b09) for linux-amd64 JRE (1.8.0_201-b09), built on Mar 19 2019 17:20:16 by "mockbuild" with gcc 7.3.1 20180303 (Red Hat 7.3.1-5)

time: Wed Apr  3 10:24:33 2019
timezone: UTC
elapsed time: 0 seconds (0d 0h 0m 0s)

