[10:00:51] [main/WARN]: Ambiguity between arguments [teleport, location] and [teleport, destination] with inputs: [0.1 -0.5 .9, 0 0 0]
[10:00:51] [main/WARN]: Ambiguity between arguments [teleport, location] and [teleport, targets] with inputs: [0.1 -0.5 .9, 0 0 0]
[10:00:51] [main/WARN]: Ambiguity between arguments [teleport, targets] and [teleport, destination] with inputs: [Player, 0123, dd12be42-52a9-4a91-a8a1-11c01849e498]
[10:00:51] [main/WARN]: Ambiguity between arguments [teleport, targets, location] and [teleport, targets, destination] with inputs: [0.1 -0.5 .9, 0 0 0]
[10:00:51] [main/INFO]: Loaded 0 recipes
[10:00:51] [main/INFO]: Loaded 0 advancements
[10:00:51] [Server thread/INFO]: Starting minecraft server version 1.13.2
[10:00:51] [Server thread/INFO]: Loading properties
[10:00:51] [Server thread/INFO]: Default game type: SURVIVAL
[10:00:51] [Server thread/INFO]: Generating keypair
[10:00:51] [Server thread/INFO]: Starting Minecraft server on *:25565
[10:00:51] [Server thread/INFO]: Using epoll channel type
[10:00:51] [Server thread/INFO]: Preparing level "world"
[10:00:51] [Server thread/INFO]: Reloading ResourceManager: Default
[10:00:52] [Server thread/INFO]: Loaded 524 recipes
[10:00:52] [Server thread/INFO]: Loaded 571 advancements
[10:00:52] [Server thread/INFO]: Preparing start region for dimension minecraft:overworld
[10:00:52] [Server thread/INFO]: Preparing spawn area: 4%
[10:00:52] [Server thread/INFO]: Preparing spawn area: 8%
[10:00:52] [Server thread/INFO]: Preparing spawn area: 12%
[10:00:53] [Server thread/INFO]: Preparing spawn area: 16%
[10:00:53] [Server thread/INFO]: Preparing spawn area: 20%
[10:00:53] [Server thread/INFO]: Preparing spawn area: 24%
[10:00:53] [Server thread/INFO]: Preparing spawn area: 28%
[10:00:53] [Server thread/INFO]: Preparing spawn area: 32%
[10:00:53] [Server thread/INFO]: Preparing spawn area: 36%
[10:00:53] [Server thread/INFO]: Preparing spawn area: 40%
[10:00:53] [Server thread/INFO]: Preparing spawn area: 44%
[10:00:53] [Server thread/INFO]: Preparing spawn area: 48%
[10:00:53] [Server thread/INFO]: Preparing spawn area: 52%
[10:00:53] [Server thread/INFO]: Preparing spawn area: 56%
[10:00:53] [Server thread/INFO]: Preparing spawn area: 60%
[10:00:53] [Server thread/INFO]: Preparing spawn area: 64%
[10:00:53] [Server thread/INFO]: Preparing spawn area: 68%
[10:00:53] [Server thread/INFO]: Preparing spawn area: 72%
[10:00:53] [Server thread/INFO]: Preparing spawn area: 76%
[10:00:53] [Server thread/INFO]: Preparing spawn area: 80%
[10:00:54] [Server thread/INFO]: Preparing spawn area: 84%
[10:00:54] [Server thread/INFO]: Preparing spawn area: 88%
[10:00:54] [Server thread/INFO]: Preparing spawn area: 92%
[10:00:54] [Server thread/INFO]: Preparing spawn area: 96%
[10:00:54] [Server thread/INFO]: Preparing spawn area: 100%
[10:00:54] [Server thread/INFO]: Time elapsed: 1736 ms
[10:00:54] [Server thread/INFO]: Done (2.554s)! For help, type "help"
[10:00:54] [Server thread/INFO]: [@: Set the time to 1000]
[10:00:54] [Server thread/INFO]: [@: Set the weather to clear]
[15:01:13] [User Authenticator #1/INFO]: UUID of player TyanponEX is 2128fabe-6dd9-45d8-a18e-a376daaaa824
[15:01:13] [Server thread/INFO]: TyanponEX[/128.53.85.202:52308] logged in with entity id 288 at (54.69020152248606, 79.0, -60.097020172508735)
[15:01:13] [Server thread/INFO]: TyanponEX joined the game
[15:05:17] [Server thread/WARN]: Can't keep up! Is the server overloaded? Running 3346ms or 66 ticks behind
[15:05:17] [Server thread/WARN]: TyanponEX moved too quickly! 3.8643933871906597,0.8338907390617862,-9.29099784213534
[15:07:17] [Server thread/INFO]: TyanponEX has made the advancement [Not Today, Thank You]
[15:10:10] [Server thread/INFO]: [@: Set the time to 1000]
[15:10:10] [Server thread/INFO]: [@: Set the weather to clear]
[15:15:12] [Server thread/INFO]: [@: Set the time to 1000]
[15:15:12] [Server thread/INFO]: [@: Set the weather to clear]
[15:20:14] [Server thread/INFO]: [@: Set the time to 1000]
[15:20:14] [Server thread/INFO]: [@: Set the weather to clear]
[15:25:16] [Server thread/INFO]: [@: Set the time to 1000]
[15:25:16] [Server thread/INFO]: [@: Set the weather to clear]
[15:30:18] [Server thread/INFO]: [@: Set the time to 1000]
[15:30:18] [Server thread/INFO]: [@: Set the weather to clear]
[15:35:20] [Server thread/INFO]: [@: Set the time to 1000]
[15:35:20] [Server thread/INFO]: [@: Set the weather to clear]
[15:37:35] [Server thread/INFO]: TyanponEX has made the advancement [Fishy Business]
[15:40:22] [Server thread/INFO]: [@: Set the time to 1000]
[15:40:22] [Server thread/INFO]: [@: Set the weather to clear]
[15:45:24] [Server thread/INFO]: [@: Set the time to 1000]
[15:45:24] [Server thread/INFO]: [@: Set the weather to clear]
[15:50:26] [Server thread/INFO]: [@: Set the time to 1000]
[15:50:26] [Server thread/INFO]: [@: Set the weather to clear]
[15:55:28] [Server thread/INFO]: [@: Set the time to 1000]
[15:55:28] [Server thread/INFO]: [@: Set the weather to clear]
[16:00:04] [Server thread/INFO]: [Server] SERVER SHUTTING DOWN. Saving map...
[16:00:04] [Server thread/INFO]: Saving the game (this may take a moment!)
[16:00:05] [Server console handler/ERROR]: Exception handling console input
java.io.IOException: Input/output error
	at java.io.FileInputStream.readBytes(Native Method) ~[?:1.8.0_191]
	at java.io.FileInputStream.read(FileInputStream.java:255) ~[?:1.8.0_191]
	at java.io.BufferedInputStream.read1(BufferedInputStream.java:284) ~[?:1.8.0_191]
	at java.io.BufferedInputStream.read(BufferedInputStream.java:345) ~[?:1.8.0_191]
	at sun.nio.cs.StreamDecoder.readBytes(StreamDecoder.java:284) ~[?:1.8.0_191]
	at sun.nio.cs.StreamDecoder.implRead(StreamDecoder.java:326) ~[?:1.8.0_191]
	at sun.nio.cs.StreamDecoder.read(StreamDecoder.java:178) ~[?:1.8.0_191]
	at java.io.InputStreamReader.read(InputStreamReader.java:184) ~[?:1.8.0_191]
	at java.io.BufferedReader.fill(BufferedReader.java:161) ~[?:1.8.0_191]
	at java.io.BufferedReader.readLine(BufferedReader.java:324) ~[?:1.8.0_191]
	at java.io.BufferedReader.readLine(BufferedReader.java:389) ~[?:1.8.0_191]
	at so$2.run(SourceFile:110) [server.jar:?]
